<?xml version="1.0" encoding="UTF-8"?>
<robot generator="Robot 3.2.1 (Python 3.8.1 on darwin)" generated="20200720 07:16:01.695" rpa="false">
<suite id="s1" name="Demo" source="/Users/bsengar/PycharmProjects/new_code/Transcription_Test/demo.robot">
<test id="s1-t1" name="Transripted_speech for english368.mp3">
<kw name="Verify Transcription">
<arguments>
<arg>english368.mp3</arg>
<arg>These calls Stella sketch up, bring these things with from the store 16th of fresh snow piece, five, six labs of blue cheese and maybe a snack brother ball. We also need a small plastic snake and the big choice for all the kids. She can scoop these things into three read bags and we will get to make a Wednesday at the train station.</arg>
</arguments>
<kw name="Compare Strings" library="utils">
<arguments>
<arg>${actual_text}</arg>
<arg>${transripted_speech}</arg>
</arguments>
<assign>
<var>${res}</var>
</assign>
<msg timestamp="20200720 07:16:02.441" level="INFO">${res} = 84</msg>
<status status="PASS" starttime="20200720 07:16:02.440" endtime="20200720 07:16:02.441"></status>
</kw>
<kw name="Log" library="BuiltIn">
<doc>Logs the given message with the given level.</doc>
<arguments>
<arg>${res}</arg>
<arg>console=True</arg>
</arguments>
<msg timestamp="20200720 07:16:02.442" level="INFO">84</msg>
<status status="PASS" starttime="20200720 07:16:02.441" endtime="20200720 07:16:02.442"></status>
</kw>
<kw name="Should Be True" library="BuiltIn">
<doc>Fails if the given condition is not true.</doc>
<arguments>
<arg>${res}&gt;=80</arg>
</arguments>
<status status="PASS" starttime="20200720 07:16:02.442" endtime="20200720 07:16:02.442"></status>
</kw>
<status status="PASS" starttime="20200720 07:16:02.440" endtime="20200720 07:16:02.443"></status>
</kw>
<status status="PASS" starttime="20200720 07:16:02.439" endtime="20200720 07:16:02.443" critical="yes"></status>
</test>
<test id="s1-t2" name="Transripted_speech for english340.mp3">
<kw name="Verify Transcription">
<arguments>
<arg>english340.mp3</arg>
<arg>Please call Stella after to bring day safe with her from the store six thirty to fresh snow P. five, six labs and blue cheese and maybe a snack for brother Bob we also need a small plastic steak and a big to a product for the kids, she can scoop these things into three red backs and we will go meet her Wednesday at the train station.</arg>
</arguments>
<kw name="Compare Strings" library="utils">
<arguments>
<arg>${actual_text}</arg>
<arg>${transripted_speech}</arg>
</arguments>
<assign>
<var>${res}</var>
</assign>
<msg timestamp="20200720 07:16:02.445" level="INFO">${res} = 86</msg>
<status status="PASS" starttime="20200720 07:16:02.445" endtime="20200720 07:16:02.445"></status>
</kw>
<kw name="Log" library="BuiltIn">
<doc>Logs the given message with the given level.</doc>
<arguments>
<arg>${res}</arg>
<arg>console=True</arg>
</arguments>
<msg timestamp="20200720 07:16:02.446" level="INFO">86</msg>
<status status="PASS" starttime="20200720 07:16:02.446" endtime="20200720 07:16:02.446"></status>
</kw>
<kw name="Should Be True" library="BuiltIn">
<doc>Fails if the given condition is not true.</doc>
<arguments>
<arg>${res}&gt;=80</arg>
</arguments>
<status status="PASS" starttime="20200720 07:16:02.446" endtime="20200720 07:16:02.447"></status>
</kw>
<status status="PASS" starttime="20200720 07:16:02.444" endtime="20200720 07:16:02.447"></status>
</kw>
<status status="PASS" starttime="20200720 07:16:02.444" endtime="20200720 07:16:02.447" critical="yes"></status>
</test>
<test id="s1-t3" name="Transripted_speech for english426.mp3">
<kw name="Verify Transcription">
<arguments>
<arg>english426.mp3</arg>
<arg>Please costella ask her to bring these things as her from the store six things a fresh snow P. five, six labs and blue cheese and maybe a snap for her brother Bob. They also need a small plastic snake and a big toy fraud for the kids. She can scape these things and two three red backs. And we will go meet her Wednesday at the train station.</arg>
</arguments>
<kw name="Compare Strings" library="utils">
<arguments>
<arg>${actual_text}</arg>
<arg>${transripted_speech}</arg>
</arguments>
<assign>
<var>${res}</var>
</assign>
<msg timestamp="20200720 07:16:02.449" level="INFO">${res} = 87</msg>
<status status="PASS" starttime="20200720 07:16:02.449" endtime="20200720 07:16:02.449"></status>
</kw>
<kw name="Log" library="BuiltIn">
<doc>Logs the given message with the given level.</doc>
<arguments>
<arg>${res}</arg>
<arg>console=True</arg>
</arguments>
<msg timestamp="20200720 07:16:02.450" level="INFO">87</msg>
<status status="PASS" starttime="20200720 07:16:02.450" endtime="20200720 07:16:02.450"></status>
</kw>
<kw name="Should Be True" library="BuiltIn">
<doc>Fails if the given condition is not true.</doc>
<arguments>
<arg>${res}&gt;=80</arg>
</arguments>
<status status="PASS" starttime="20200720 07:16:02.450" endtime="20200720 07:16:02.451"></status>
</kw>
<status status="PASS" starttime="20200720 07:16:02.448" endtime="20200720 07:16:02.451"></status>
</kw>
<status status="PASS" starttime="20200720 07:16:02.448" endtime="20200720 07:16:02.451" critical="yes"></status>
</test>
<test id="s1-t4" name="Transripted_speech for english432.mp3">
<kw name="Verify Transcription">
<arguments>
<arg>english432.mp3</arg>
<arg>Please cause then I asked her to bring these things with her from the store sixteen the fresh snow pies five pics of the policies and maybe a snack for her brother Bob. We also need a small plastic snake and the big towards Fox with the kids. She can see these things into three at bikes and we will go meet her Wednesday at the train station.</arg>
</arguments>
<kw name="Compare Strings" library="utils">
<arguments>
<arg>${actual_text}</arg>
<arg>${transripted_speech}</arg>
</arguments>
<assign>
<var>${res}</var>
</assign>
<msg timestamp="20200720 07:16:02.453" level="INFO">${res} = 84</msg>
<status status="PASS" starttime="20200720 07:16:02.453" endtime="20200720 07:16:02.453"></status>
</kw>
<kw name="Log" library="BuiltIn">
<doc>Logs the given message with the given level.</doc>
<arguments>
<arg>${res}</arg>
<arg>console=True</arg>
</arguments>
<msg timestamp="20200720 07:16:02.454" level="INFO">84</msg>
<status status="PASS" starttime="20200720 07:16:02.454" endtime="20200720 07:16:02.454"></status>
</kw>
<kw name="Should Be True" library="BuiltIn">
<doc>Fails if the given condition is not true.</doc>
<arguments>
<arg>${res}&gt;=80</arg>
</arguments>
<status status="PASS" starttime="20200720 07:16:02.455" endtime="20200720 07:16:02.455"></status>
</kw>
<status status="PASS" starttime="20200720 07:16:02.453" endtime="20200720 07:16:02.455"></status>
</kw>
<status status="PASS" starttime="20200720 07:16:02.452" endtime="20200720 07:16:02.455" critical="yes"></status>
</test>
<test id="s1-t5" name="Transripted_speech for english354.mp3">
<kw name="Verify Transcription">
<arguments>
<arg>english354.mp3</arg>
<arg>Ask him to bring these things with you from store the first no pins for six labs and Bluetooth and maybe as knack for her brother bull. Real funny to smoke press two for all the key.Things into three years and you've got me here Wednesday I could train station.</arg>
</arguments>
<kw name="Compare Strings" library="utils">
<arguments>
<arg>${actual_text}</arg>
<arg>${transripted_speech}</arg>
</arguments>
<assign>
<var>${res}</var>
</assign>
<msg timestamp="20200720 07:16:02.458" level="INFO">${res} = 68</msg>
<status status="PASS" starttime="20200720 07:16:02.457" endtime="20200720 07:16:02.458"></status>
</kw>
<kw name="Log" library="BuiltIn">
<doc>Logs the given message with the given level.</doc>
<arguments>
<arg>${res}</arg>
<arg>console=True</arg>
</arguments>
<msg timestamp="20200720 07:16:02.458" level="INFO">68</msg>
<status status="PASS" starttime="20200720 07:16:02.458" endtime="20200720 07:16:02.458"></status>
</kw>
<kw name="Should Be True" library="BuiltIn">
<doc>Fails if the given condition is not true.</doc>
<arguments>
<arg>${res}&gt;=80</arg>
</arguments>
<msg timestamp="20200720 07:16:02.459" level="FAIL">'68&gt;=80' should be true.</msg>
<msg timestamp="20200720 07:16:02.459" level="DEBUG">Traceback (most recent call last):
  None</msg>
<status status="FAIL" starttime="20200720 07:16:02.459" endtime="20200720 07:16:02.459"></status>
</kw>
<status status="FAIL" starttime="20200720 07:16:02.457" endtime="20200720 07:16:02.460"></status>
</kw>
<status status="FAIL" starttime="20200720 07:16:02.456" endtime="20200720 07:16:02.460" critical="yes">'68&gt;=80' should be true.</status>
</test>
<test id="s1-t6" name="Transripted_speech for english383.mp3">
<kw name="Verify Transcription">
<arguments>
<arg>english383.mp3</arg>
<arg>Please call Stella asked her to bring these things with her from the store six boons a fresh no pies five six labs of blue cheese and maybe a snack for her brother Bob we also need a small plastic snake and a big toy for all for the kids she can scoop these things into three read bags and we will go meet her Wednesday at the train station.</arg>
</arguments>
<kw name="Compare Strings" library="utils">
<arguments>
<arg>${actual_text}</arg>
<arg>${transripted_speech}</arg>
</arguments>
<assign>
<var>${res}</var>
</assign>
<msg timestamp="20200720 07:16:02.462" level="INFO">${res} = 89</msg>
<status status="PASS" starttime="20200720 07:16:02.462" endtime="20200720 07:16:02.462"></status>
</kw>
<kw name="Log" library="BuiltIn">
<doc>Logs the given message with the given level.</doc>
<arguments>
<arg>${res}</arg>
<arg>console=True</arg>
</arguments>
<msg timestamp="20200720 07:16:02.463" level="INFO">89</msg>
<status status="PASS" starttime="20200720 07:16:02.463" endtime="20200720 07:16:02.463"></status>
</kw>
<kw name="Should Be True" library="BuiltIn">
<doc>Fails if the given condition is not true.</doc>
<arguments>
<arg>${res}&gt;=80</arg>
</arguments>
<status status="PASS" starttime="20200720 07:16:02.463" endtime="20200720 07:16:02.464"></status>
</kw>
<status status="PASS" starttime="20200720 07:16:02.461" endtime="20200720 07:16:02.464"></status>
</kw>
<status status="PASS" starttime="20200720 07:16:02.461" endtime="20200720 07:16:02.464" critical="yes"></status>
</test>
<test id="s1-t7" name="Transripted_speech for english397.mp3">
<kw name="Verify Transcription">
<arguments>
<arg>english397.mp3</arg>
<arg>Please call still extra to bring things these things with her from the school six of fresh no piece fast six lab, the blue cheese and maybe a snack for her bra. But we also need a small class is Nick and it'd be totally wrong from the key for the key.She can, will these things into three rate and we will Gobain her Winston at the main train station?</arg>
</arguments>
<kw name="Compare Strings" library="utils">
<arguments>
<arg>${actual_text}</arg>
<arg>${transripted_speech}</arg>
</arguments>
<assign>
<var>${res}</var>
</assign>
<msg timestamp="20200720 07:16:02.466" level="INFO">${res} = 74</msg>
<status status="PASS" starttime="20200720 07:16:02.466" endtime="20200720 07:16:02.466"></status>
</kw>
<kw name="Log" library="BuiltIn">
<doc>Logs the given message with the given level.</doc>
<arguments>
<arg>${res}</arg>
<arg>console=True</arg>
</arguments>
<msg timestamp="20200720 07:16:02.467" level="INFO">74</msg>
<status status="PASS" starttime="20200720 07:16:02.467" endtime="20200720 07:16:02.467"></status>
</kw>
<kw name="Should Be True" library="BuiltIn">
<doc>Fails if the given condition is not true.</doc>
<arguments>
<arg>${res}&gt;=80</arg>
</arguments>
<msg timestamp="20200720 07:16:02.468" level="FAIL">'74&gt;=80' should be true.</msg>
<msg timestamp="20200720 07:16:02.468" level="DEBUG">Traceback (most recent call last):
  None</msg>
<status status="FAIL" starttime="20200720 07:16:02.467" endtime="20200720 07:16:02.468"></status>
</kw>
<status status="FAIL" starttime="20200720 07:16:02.466" endtime="20200720 07:16:02.468"></status>
</kw>
<status status="FAIL" starttime="20200720 07:16:02.465" endtime="20200720 07:16:02.469" critical="yes">'74&gt;=80' should be true.</status>
</test>
<test id="s1-t8" name="Transripted_speech for english142.mp3">
<kw name="Verify Transcription">
<arguments>
<arg>english142.mp3</arg>
<arg>Bring these things with her from the store six five six leads Bluejeans and maybe a snack for brother Bob. Small plastics making a big project for the kids she can scoop these things in the three read bags and we'll go meter once they at the train station.</arg>
</arguments>
<kw name="Compare Strings" library="utils">
<arguments>
<arg>${actual_text}</arg>
<arg>${transripted_speech}</arg>
</arguments>
<assign>
<var>${res}</var>
</assign>
<msg timestamp="20200720 07:16:02.472" level="INFO">${res} = 74</msg>
<status status="PASS" starttime="20200720 07:16:02.471" endtime="20200720 07:16:02.472"></status>
</kw>
<kw name="Log" library="BuiltIn">
<doc>Logs the given message with the given level.</doc>
<arguments>
<arg>${res}</arg>
<arg>console=True</arg>
</arguments>
<msg timestamp="20200720 07:16:02.473" level="INFO">74</msg>
<status status="PASS" starttime="20200720 07:16:02.472" endtime="20200720 07:16:02.473"></status>
</kw>
<kw name="Should Be True" library="BuiltIn">
<doc>Fails if the given condition is not true.</doc>
<arguments>
<arg>${res}&gt;=80</arg>
</arguments>
<msg timestamp="20200720 07:16:02.474" level="FAIL">'74&gt;=80' should be true.</msg>
<msg timestamp="20200720 07:16:02.474" level="DEBUG">Traceback (most recent call last):
  None</msg>
<status status="FAIL" starttime="20200720 07:16:02.474" endtime="20200720 07:16:02.474"></status>
</kw>
<status status="FAIL" starttime="20200720 07:16:02.471" endtime="20200720 07:16:02.475"></status>
</kw>
<status status="FAIL" starttime="20200720 07:16:02.470" endtime="20200720 07:16:02.475" critical="yes">'74&gt;=80' should be true.</status>
</test>
<test id="s1-t9" name="Transripted_speech for english156.mp3">
<kw name="Verify Transcription">
<arguments>
<arg>english156.mp3</arg>
<arg>Please call star asked her to bring these things with her from the store. Six blooms a fresh snow pies five six slabs of blue cheese and maybe a snack for her brother Bob. We also need a small plastic snake that the big toy frog for the kids. She can scoop these things into three read bags and we will go to me for Wednesday at the train station.</arg>
</arguments>
<kw name="Compare Strings" library="utils">
<arguments>
<arg>${actual_text}</arg>
<arg>${transripted_speech}</arg>
</arguments>
<assign>
<var>${res}</var>
</assign>
<msg timestamp="20200720 07:16:02.477" level="INFO">${res} = 90</msg>
<status status="PASS" starttime="20200720 07:16:02.477" endtime="20200720 07:16:02.477"></status>
</kw>
<kw name="Log" library="BuiltIn">
<doc>Logs the given message with the given level.</doc>
<arguments>
<arg>${res}</arg>
<arg>console=True</arg>
</arguments>
<msg timestamp="20200720 07:16:02.478" level="INFO">90</msg>
<status status="PASS" starttime="20200720 07:16:02.478" endtime="20200720 07:16:02.478"></status>
</kw>
<kw name="Should Be True" library="BuiltIn">
<doc>Fails if the given condition is not true.</doc>
<arguments>
<arg>${res}&gt;=80</arg>
</arguments>
<status status="PASS" starttime="20200720 07:16:02.479" endtime="20200720 07:16:02.479"></status>
</kw>
<status status="PASS" starttime="20200720 07:16:02.477" endtime="20200720 07:16:02.480"></status>
</kw>
<status status="PASS" starttime="20200720 07:16:02.476" endtime="20200720 07:16:02.480" critical="yes"></status>
</test>
<test id="s1-t10" name="Transripted_speech for english181.mp3">
<kw name="Verify Transcription">
<arguments>
<arg>english181.mp3</arg>
<arg>Stella, S. for the central fair from the store six phones are first. No, please, five, six flags or blue cheese and maybe a snack for her brother bomb. We also need a small plastic snake and the big problem for the kids she can't scoop these things into read read back and we will go meet her Wednesday at the train station.</arg>
</arguments>
<kw name="Compare Strings" library="utils">
<arguments>
<arg>${actual_text}</arg>
<arg>${transripted_speech}</arg>
</arguments>
<assign>
<var>${res}</var>
</assign>
<msg timestamp="20200720 07:16:02.483" level="INFO">${res} = 81</msg>
<status status="PASS" starttime="20200720 07:16:02.483" endtime="20200720 07:16:02.483"></status>
</kw>
<kw name="Log" library="BuiltIn">
<doc>Logs the given message with the given level.</doc>
<arguments>
<arg>${res}</arg>
<arg>console=True</arg>
</arguments>
<msg timestamp="20200720 07:16:02.484" level="INFO">81</msg>
<status status="PASS" starttime="20200720 07:16:02.484" endtime="20200720 07:16:02.484"></status>
</kw>
<kw name="Should Be True" library="BuiltIn">
<doc>Fails if the given condition is not true.</doc>
<arguments>
<arg>${res}&gt;=80</arg>
</arguments>
<status status="PASS" starttime="20200720 07:16:02.484" endtime="20200720 07:16:02.485"></status>
</kw>
<status status="PASS" starttime="20200720 07:16:02.482" endtime="20200720 07:16:02.485"></status>
</kw>
<status status="PASS" starttime="20200720 07:16:02.482" endtime="20200720 07:16:02.485" critical="yes"></status>
</test>
<test id="s1-t11" name="Transripted_speech for english195.mp3">
<kw name="Verify Transcription">
<arguments>
<arg>english195.mp3</arg>
<arg>Please call Stella S. pretty bring these things with her from the store six to the fresh snow pies five six last the food cheese and maybe a snack for her brother Bob. We also need a small plastic snake and if they twice frog to the kids she can scoop these things from the three read bags and we will don't meet her Wednesday at the train station.</arg>
</arguments>
<kw name="Compare Strings" library="utils">
<arguments>
<arg>${actual_text}</arg>
<arg>${transripted_speech}</arg>
</arguments>
<assign>
<var>${res}</var>
</assign>
<msg timestamp="20200720 07:16:02.487" level="INFO">${res} = 85</msg>
<status status="PASS" starttime="20200720 07:16:02.487" endtime="20200720 07:16:02.487"></status>
</kw>
<kw name="Log" library="BuiltIn">
<doc>Logs the given message with the given level.</doc>
<arguments>
<arg>${res}</arg>
<arg>console=True</arg>
</arguments>
<msg timestamp="20200720 07:16:02.488" level="INFO">85</msg>
<status status="PASS" starttime="20200720 07:16:02.488" endtime="20200720 07:16:02.488"></status>
</kw>
<kw name="Should Be True" library="BuiltIn">
<doc>Fails if the given condition is not true.</doc>
<arguments>
<arg>${res}&gt;=80</arg>
</arguments>
<status status="PASS" starttime="20200720 07:16:02.489" endtime="20200720 07:16:02.490"></status>
</kw>
<status status="PASS" starttime="20200720 07:16:02.487" endtime="20200720 07:16:02.490"></status>
</kw>
<status status="PASS" starttime="20200720 07:16:02.486" endtime="20200720 07:16:02.491" critical="yes"></status>
</test>
<test id="s1-t12" name="Transripted_speech for english39.mp3">
<kw name="Verify Transcription">
<arguments>
<arg>english39.mp3</arg>
<arg>Please call stellar asked her to bring these things with her from the store experience of fresh no P. five, six lives of blue cheese and maybe a snack for her brother Bob. We also need a small plastic snake and big twice for of the kids. She can scoop these things into three bread banks and we will go meet her Wednesday at the train station.</arg>
</arguments>
<kw name="Compare Strings" library="utils">
<arguments>
<arg>${actual_text}</arg>
<arg>${transripted_speech}</arg>
</arguments>
<assign>
<var>${res}</var>
</assign>
<msg timestamp="20200720 07:16:02.494" level="INFO">${res} = 86</msg>
<status status="PASS" starttime="20200720 07:16:02.494" endtime="20200720 07:16:02.494"></status>
</kw>
<kw name="Log" library="BuiltIn">
<doc>Logs the given message with the given level.</doc>
<arguments>
<arg>${res}</arg>
<arg>console=True</arg>
</arguments>
<msg timestamp="20200720 07:16:02.495" level="INFO">86</msg>
<status status="PASS" starttime="20200720 07:16:02.495" endtime="20200720 07:16:02.495"></status>
</kw>
<kw name="Should Be True" library="BuiltIn">
<doc>Fails if the given condition is not true.</doc>
<arguments>
<arg>${res}&gt;=80</arg>
</arguments>
<status status="PASS" starttime="20200720 07:16:02.496" endtime="20200720 07:16:02.496"></status>
</kw>
<status status="PASS" starttime="20200720 07:16:02.493" endtime="20200720 07:16:02.496"></status>
</kw>
<status status="PASS" starttime="20200720 07:16:02.492" endtime="20200720 07:16:02.497" critical="yes"></status>
</test>
<test id="s1-t13" name="Transripted_speech for english11.mp3">
<kw name="Verify Transcription">
<arguments>
<arg>english11.mp3</arg>
<arg>This call is Stella Oscar to bring these things with us from the store six boon to fresh no pays five six slobs would go chase and maybe a snack for her brother Bob. We also need a small plastic snake and a big twenty frogs for the kids. She can scoop these things in that bags we will go meet to Wednesday at the train station.</arg>
</arguments>
<kw name="Compare Strings" library="utils">
<arguments>
<arg>${actual_text}</arg>
<arg>${transripted_speech}</arg>
</arguments>
<assign>
<var>${res}</var>
</assign>
<msg timestamp="20200720 07:16:02.500" level="INFO">${res} = 83</msg>
<status status="PASS" starttime="20200720 07:16:02.499" endtime="20200720 07:16:02.500"></status>
</kw>
<kw name="Log" library="BuiltIn">
<doc>Logs the given message with the given level.</doc>
<arguments>
<arg>${res}</arg>
<arg>console=True</arg>
</arguments>
<msg timestamp="20200720 07:16:02.501" level="INFO">83</msg>
<status status="PASS" starttime="20200720 07:16:02.501" endtime="20200720 07:16:02.501"></status>
</kw>
<kw name="Should Be True" library="BuiltIn">
<doc>Fails if the given condition is not true.</doc>
<arguments>
<arg>${res}&gt;=80</arg>
</arguments>
<status status="PASS" starttime="20200720 07:16:02.502" endtime="20200720 07:16:02.502"></status>
</kw>
<status status="PASS" starttime="20200720 07:16:02.499" endtime="20200720 07:16:02.503"></status>
</kw>
<status status="PASS" starttime="20200720 07:16:02.498" endtime="20200720 07:16:02.503" critical="yes"></status>
</test>
<test id="s1-t14" name="Transripted_speech for english208.mp3">
<kw name="Verify Transcription">
<arguments>
<arg>english208.mp3</arg>
<arg>Please call Stella ask her to bring the best things with her from the store. Six students are fresh no P. five six slabs of Bluetooth and maybe a snack for her brother Bob. We also need a small plastic snake and a big tore frog for the kids she can scoop these things into three read bags and we will go meet her Wednesday at the train station.</arg>
</arguments>
<kw name="Compare Strings" library="utils">
<arguments>
<arg>${actual_text}</arg>
<arg>${transripted_speech}</arg>
</arguments>
<assign>
<var>${res}</var>
</assign>
<msg timestamp="20200720 07:16:02.507" level="INFO">${res} = 88</msg>
<status status="PASS" starttime="20200720 07:16:02.507" endtime="20200720 07:16:02.507"></status>
</kw>
<kw name="Log" library="BuiltIn">
<doc>Logs the given message with the given level.</doc>
<arguments>
<arg>${res}</arg>
<arg>console=True</arg>
</arguments>
<msg timestamp="20200720 07:16:02.508" level="INFO">88</msg>
<status status="PASS" starttime="20200720 07:16:02.508" endtime="20200720 07:16:02.508"></status>
</kw>
<kw name="Should Be True" library="BuiltIn">
<doc>Fails if the given condition is not true.</doc>
<arguments>
<arg>${res}&gt;=80</arg>
</arguments>
<status status="PASS" starttime="20200720 07:16:02.509" endtime="20200720 07:16:02.509"></status>
</kw>
<status status="PASS" starttime="20200720 07:16:02.506" endtime="20200720 07:16:02.510"></status>
</kw>
<status status="PASS" starttime="20200720 07:16:02.505" endtime="20200720 07:16:02.510" critical="yes"></status>
</test>
<test id="s1-t15" name="Transripted_speech for english234.mp3">
<kw name="Verify Transcription">
<arguments>
<arg>english234.mp3</arg>
<arg>Please call Stella ask her to bring these things with her from the store six of fresh snow piece five, six slabs of blue cheese and maybe a snack for her brother Bob. We also need a small plastic snake and a big choice for all for the kids she can scoop these things into three red backs. And we will go meter Wednesday at the train station.</arg>
</arguments>
<kw name="Compare Strings" library="utils">
<arguments>
<arg>${actual_text}</arg>
<arg>${transripted_speech}</arg>
</arguments>
<assign>
<var>${res}</var>
</assign>
<msg timestamp="20200720 07:16:02.512" level="INFO">${res} = 91</msg>
<status status="PASS" starttime="20200720 07:16:02.512" endtime="20200720 07:16:02.512"></status>
</kw>
<kw name="Log" library="BuiltIn">
<doc>Logs the given message with the given level.</doc>
<arguments>
<arg>${res}</arg>
<arg>console=True</arg>
</arguments>
<msg timestamp="20200720 07:16:02.513" level="INFO">91</msg>
<status status="PASS" starttime="20200720 07:16:02.513" endtime="20200720 07:16:02.513"></status>
</kw>
<kw name="Should Be True" library="BuiltIn">
<doc>Fails if the given condition is not true.</doc>
<arguments>
<arg>${res}&gt;=80</arg>
</arguments>
<status status="PASS" starttime="20200720 07:16:02.514" endtime="20200720 07:16:02.514"></status>
</kw>
<status status="PASS" starttime="20200720 07:16:02.511" endtime="20200720 07:16:02.514"></status>
</kw>
<status status="PASS" starttime="20200720 07:16:02.511" endtime="20200720 07:16:02.515" critical="yes"></status>
</test>
<test id="s1-t16" name="Transripted_speech for english552.mp3">
<kw name="Verify Transcription">
<arguments>
<arg>english552.mp3</arg>
<arg>Please call Stella asked you to bring these things aside from the store six boon to fresh snow pies five six labs a Bluetooth and maybe a snack for her brother Bob they'll send you a small caustic snake and a big to a frog for the kids. She can make things industry that back and we'll go me here when bear the train station.</arg>
</arguments>
<kw name="Compare Strings" library="utils">
<arguments>
<arg>${actual_text}</arg>
<arg>${transripted_speech}</arg>
</arguments>
<assign>
<var>${res}</var>
</assign>
<msg timestamp="20200720 07:16:02.518" level="INFO">${res} = 76</msg>
<status status="PASS" starttime="20200720 07:16:02.517" endtime="20200720 07:16:02.518"></status>
</kw>
<kw name="Log" library="BuiltIn">
<doc>Logs the given message with the given level.</doc>
<arguments>
<arg>${res}</arg>
<arg>console=True</arg>
</arguments>
<msg timestamp="20200720 07:16:02.519" level="INFO">76</msg>
<status status="PASS" starttime="20200720 07:16:02.518" endtime="20200720 07:16:02.519"></status>
</kw>
<kw name="Should Be True" library="BuiltIn">
<doc>Fails if the given condition is not true.</doc>
<arguments>
<arg>${res}&gt;=80</arg>
</arguments>
<msg timestamp="20200720 07:16:02.520" level="FAIL">'76&gt;=80' should be true.</msg>
<msg timestamp="20200720 07:16:02.520" level="DEBUG">Traceback (most recent call last):
  None</msg>
<status status="FAIL" starttime="20200720 07:16:02.520" endtime="20200720 07:16:02.520"></status>
</kw>
<status status="FAIL" starttime="20200720 07:16:02.516" endtime="20200720 07:16:02.521"></status>
</kw>
<status status="FAIL" starttime="20200720 07:16:02.516" endtime="20200720 07:16:02.522" critical="yes">'76&gt;=80' should be true.</status>
</test>
<test id="s1-t17" name="Transripted_speech for english546.mp3">
<kw name="Verify Transcription">
<arguments>
<arg>english546.mp3</arg>
<arg>Please call, ask her to these things from store 168565 and maybe it's my brother though we also need a classic. They totally for all the kids she can get the thing with a or Wednesday.</arg>
</arguments>
<kw name="Compare Strings" library="utils">
<arguments>
<arg>${actual_text}</arg>
<arg>${transripted_speech}</arg>
</arguments>
<assign>
<var>${res}</var>
</assign>
<msg timestamp="20200720 07:16:02.526" level="INFO">${res} = 78</msg>
<status status="PASS" starttime="20200720 07:16:02.525" endtime="20200720 07:16:02.526"></status>
</kw>
<kw name="Log" library="BuiltIn">
<doc>Logs the given message with the given level.</doc>
<arguments>
<arg>${res}</arg>
<arg>console=True</arg>
</arguments>
<msg timestamp="20200720 07:16:02.527" level="INFO">78</msg>
<status status="PASS" starttime="20200720 07:16:02.527" endtime="20200720 07:16:02.527"></status>
</kw>
<kw name="Should Be True" library="BuiltIn">
<doc>Fails if the given condition is not true.</doc>
<arguments>
<arg>${res}&gt;=80</arg>
</arguments>
<msg timestamp="20200720 07:16:02.528" level="FAIL">'78&gt;=80' should be true.</msg>
<msg timestamp="20200720 07:16:02.528" level="DEBUG">Traceback (most recent call last):
  None</msg>
<status status="FAIL" starttime="20200720 07:16:02.528" endtime="20200720 07:16:02.528"></status>
</kw>
<status status="FAIL" starttime="20200720 07:16:02.524" endtime="20200720 07:16:02.529"></status>
</kw>
<status status="FAIL" starttime="20200720 07:16:02.523" endtime="20200720 07:16:02.529" critical="yes">'78&gt;=80' should be true.</status>
</test>
<test id="s1-t18" name="Transripted_speech for english220.mp3">
<kw name="Verify Transcription">
<arguments>
<arg>english220.mp3</arg>
<arg>He's asked kind of bring these things with her, from the store, six.Five, six labs and cheese and maybe it's knack for her brother box we also need a plastic snake and a big twice Fox for the kids. She can scoop these things into three red backs and we will go meet her when thing at the train station.</arg>
</arguments>
<kw name="Compare Strings" library="utils">
<arguments>
<arg>${actual_text}</arg>
<arg>${transripted_speech}</arg>
</arguments>
<assign>
<var>${res}</var>
</assign>
<msg timestamp="20200720 07:16:02.532" level="INFO">${res} = 83</msg>
<status status="PASS" starttime="20200720 07:16:02.532" endtime="20200720 07:16:02.532"></status>
</kw>
<kw name="Log" library="BuiltIn">
<doc>Logs the given message with the given level.</doc>
<arguments>
<arg>${res}</arg>
<arg>console=True</arg>
</arguments>
<msg timestamp="20200720 07:16:02.533" level="INFO">83</msg>
<status status="PASS" starttime="20200720 07:16:02.533" endtime="20200720 07:16:02.533"></status>
</kw>
<kw name="Should Be True" library="BuiltIn">
<doc>Fails if the given condition is not true.</doc>
<arguments>
<arg>${res}&gt;=80</arg>
</arguments>
<status status="PASS" starttime="20200720 07:16:02.534" endtime="20200720 07:16:02.534"></status>
</kw>
<status status="PASS" starttime="20200720 07:16:02.531" endtime="20200720 07:16:02.535"></status>
</kw>
<status status="PASS" starttime="20200720 07:16:02.531" endtime="20200720 07:16:02.535" critical="yes"></status>
</test>
<test id="s1-t19" name="Transripted_speech for english547.mp3">
<kw name="Verify Transcription">
<arguments>
<arg>english547.mp3</arg>
<arg>I asked her to brand loosening with our, from the store six of fresh note though six slides of blue jeans and maybe as that for her brother Bob, we also need a small plastic state and I believe we for or for the two years she can scoop the two, three rated bags and we will go maybe or Wednesday at the train station.</arg>
</arguments>
<kw name="Compare Strings" library="utils">
<arguments>
<arg>${actual_text}</arg>
<arg>${transripted_speech}</arg>
</arguments>
<assign>
<var>${res}</var>
</assign>
<msg timestamp="20200720 07:16:02.538" level="INFO">${res} = 74</msg>
<status status="PASS" starttime="20200720 07:16:02.538" endtime="20200720 07:16:02.538"></status>
</kw>
<kw name="Log" library="BuiltIn">
<doc>Logs the given message with the given level.</doc>
<arguments>
<arg>${res}</arg>
<arg>console=True</arg>
</arguments>
<msg timestamp="20200720 07:16:02.540" level="INFO">74</msg>
<status status="PASS" starttime="20200720 07:16:02.539" endtime="20200720 07:16:02.540"></status>
</kw>
<kw name="Should Be True" library="BuiltIn">
<doc>Fails if the given condition is not true.</doc>
<arguments>
<arg>${res}&gt;=80</arg>
</arguments>
<msg timestamp="20200720 07:16:02.541" level="FAIL">'74&gt;=80' should be true.</msg>
<msg timestamp="20200720 07:16:02.541" level="DEBUG">Traceback (most recent call last):
  None</msg>
<status status="FAIL" starttime="20200720 07:16:02.540" endtime="20200720 07:16:02.541"></status>
</kw>
<status status="FAIL" starttime="20200720 07:16:02.537" endtime="20200720 07:16:02.542"></status>
</kw>
<status status="FAIL" starttime="20200720 07:16:02.536" endtime="20200720 07:16:02.542" critical="yes">'74&gt;=80' should be true.</status>
</test>
<test id="s1-t20" name="Transripted_speech for english221.mp3">
<kw name="Verify Transcription">
<arguments>
<arg>english221.mp3</arg>
<arg>Please call Stella. I'll bring the things with her from the store six months of fresh snow piece by six labs of blue cheese and maybe is Mac for her brother Bob, we also need a soul plastics make and a big flight. From all the kids we can scoop these things into three read bags. I will go meet Wednesday of the train station.</arg>
</arguments>
<kw name="Compare Strings" library="utils">
<arguments>
<arg>${actual_text}</arg>
<arg>${transripted_speech}</arg>
</arguments>
<assign>
<var>${res}</var>
</assign>
<msg timestamp="20200720 07:16:02.547" level="INFO">${res} = 83</msg>
<status status="PASS" starttime="20200720 07:16:02.545" endtime="20200720 07:16:02.547"></status>
</kw>
<kw name="Log" library="BuiltIn">
<doc>Logs the given message with the given level.</doc>
<arguments>
<arg>${res}</arg>
<arg>console=True</arg>
</arguments>
<msg timestamp="20200720 07:16:02.548" level="INFO">83</msg>
<status status="PASS" starttime="20200720 07:16:02.548" endtime="20200720 07:16:02.549"></status>
</kw>
<kw name="Should Be True" library="BuiltIn">
<doc>Fails if the given condition is not true.</doc>
<arguments>
<arg>${res}&gt;=80</arg>
</arguments>
<status status="PASS" starttime="20200720 07:16:02.549" endtime="20200720 07:16:02.550"></status>
</kw>
<status status="PASS" starttime="20200720 07:16:02.545" endtime="20200720 07:16:02.550"></status>
</kw>
<status status="PASS" starttime="20200720 07:16:02.544" endtime="20200720 07:16:02.551" critical="yes"></status>
</test>
<test id="s1-t21" name="Transripted_speech for english235.mp3">
<kw name="Verify Transcription">
<arguments>
<arg>english235.mp3</arg>
<arg>Please call Stella ask her to bring these things with our from the store six of fresh snow pays fast blue cheese and maybe it's knack for her brother about. We also need a small plastic snake and a big to a prompt for the kids. She can scoop these things into three read back and we will go made her Wednesday at the train station.</arg>
</arguments>
<kw name="Compare Strings" library="utils">
<arguments>
<arg>${actual_text}</arg>
<arg>${transripted_speech}</arg>
</arguments>
<assign>
<var>${res}</var>
</assign>
<msg timestamp="20200720 07:16:02.553" level="INFO">${res} = 86</msg>
<status status="PASS" starttime="20200720 07:16:02.553" endtime="20200720 07:16:02.553"></status>
</kw>
<kw name="Log" library="BuiltIn">
<doc>Logs the given message with the given level.</doc>
<arguments>
<arg>${res}</arg>
<arg>console=True</arg>
</arguments>
<msg timestamp="20200720 07:16:02.554" level="INFO">86</msg>
<status status="PASS" starttime="20200720 07:16:02.554" endtime="20200720 07:16:02.554"></status>
</kw>
<kw name="Should Be True" library="BuiltIn">
<doc>Fails if the given condition is not true.</doc>
<arguments>
<arg>${res}&gt;=80</arg>
</arguments>
<status status="PASS" starttime="20200720 07:16:02.555" endtime="20200720 07:16:02.555"></status>
</kw>
<status status="PASS" starttime="20200720 07:16:02.553" endtime="20200720 07:16:02.555"></status>
</kw>
<status status="PASS" starttime="20200720 07:16:02.552" endtime="20200720 07:16:02.555" critical="yes"></status>
</test>
<test id="s1-t22" name="Transripted_speech for english553.mp3">
<kw name="Verify Transcription">
<arguments>
<arg>english553.mp3</arg>
<arg>Please call, still ask her to bring these things with her from the store. Six of fresh snow paying five, six slabs of blue cheese and maybe a snack for her brother Bob. We also need a small plastic snake and the big toys for all for the kids she can scoop these things into three read bags and we will go meet her on Wednesday at train station.</arg>
</arguments>
<kw name="Compare Strings" library="utils">
<arguments>
<arg>${actual_text}</arg>
<arg>${transripted_speech}</arg>
</arguments>
<assign>
<var>${res}</var>
</assign>
<msg timestamp="20200720 07:16:02.558" level="INFO">${res} = 90</msg>
<status status="PASS" starttime="20200720 07:16:02.558" endtime="20200720 07:16:02.558"></status>
</kw>
<kw name="Log" library="BuiltIn">
<doc>Logs the given message with the given level.</doc>
<arguments>
<arg>${res}</arg>
<arg>console=True</arg>
</arguments>
<msg timestamp="20200720 07:16:02.559" level="INFO">90</msg>
<status status="PASS" starttime="20200720 07:16:02.559" endtime="20200720 07:16:02.559"></status>
</kw>
<kw name="Should Be True" library="BuiltIn">
<doc>Fails if the given condition is not true.</doc>
<arguments>
<arg>${res}&gt;=80</arg>
</arguments>
<status status="PASS" starttime="20200720 07:16:02.559" endtime="20200720 07:16:02.560"></status>
</kw>
<status status="PASS" starttime="20200720 07:16:02.557" endtime="20200720 07:16:02.560"></status>
</kw>
<status status="PASS" starttime="20200720 07:16:02.556" endtime="20200720 07:16:02.560" critical="yes"></status>
</test>
<test id="s1-t23" name="Transripted_speech for english209.mp3">
<kw name="Verify Transcription">
<arguments>
<arg>english209.mp3</arg>
<arg>Please call Stella asked her to bring these things with her from the store six a fresh new pies five six labs of blue cheese and maybe it's not for her brother Bob we also need a small plastic snake and the big twice frog for the kids. She can scoop these things into three read bags and we will go meet her Wednesday at the train station.</arg>
</arguments>
<kw name="Compare Strings" library="utils">
<arguments>
<arg>${actual_text}</arg>
<arg>${transripted_speech}</arg>
</arguments>
<assign>
<var>${res}</var>
</assign>
<msg timestamp="20200720 07:16:02.562" level="INFO">${res} = 89</msg>
<status status="PASS" starttime="20200720 07:16:02.562" endtime="20200720 07:16:02.562"></status>
</kw>
<kw name="Log" library="BuiltIn">
<doc>Logs the given message with the given level.</doc>
<arguments>
<arg>${res}</arg>
<arg>console=True</arg>
</arguments>
<msg timestamp="20200720 07:16:02.563" level="INFO">89</msg>
<status status="PASS" starttime="20200720 07:16:02.563" endtime="20200720 07:16:02.563"></status>
</kw>
<kw name="Should Be True" library="BuiltIn">
<doc>Fails if the given condition is not true.</doc>
<arguments>
<arg>${res}&gt;=80</arg>
</arguments>
<status status="PASS" starttime="20200720 07:16:02.563" endtime="20200720 07:16:02.564"></status>
</kw>
<status status="PASS" starttime="20200720 07:16:02.562" endtime="20200720 07:16:02.564"></status>
</kw>
<status status="PASS" starttime="20200720 07:16:02.561" endtime="20200720 07:16:02.564" critical="yes"></status>
</test>
<test id="s1-t24" name="Transripted_speech for english10.mp3">
<kw name="Verify Transcription">
<arguments>
<arg>english10.mp3</arg>
<arg>Please call Stella as could bring these times with her from the store expense of fresh snow pays five six labs a blue cheese and maybe snack for her brother Bob. We also need a small plastic snake and a big tour frogs for the kids she will scoop these things up into three read bags and we will go meet her Wednesday at the train station.</arg>
</arguments>
<kw name="Compare Strings" library="utils">
<arguments>
<arg>${actual_text}</arg>
<arg>${transripted_speech}</arg>
</arguments>
<assign>
<var>${res}</var>
</assign>
<msg timestamp="20200720 07:16:02.566" level="INFO">${res} = 89</msg>
<status status="PASS" starttime="20200720 07:16:02.566" endtime="20200720 07:16:02.567"></status>
</kw>
<kw name="Log" library="BuiltIn">
<doc>Logs the given message with the given level.</doc>
<arguments>
<arg>${res}</arg>
<arg>console=True</arg>
</arguments>
<msg timestamp="20200720 07:16:02.568" level="INFO">89</msg>
<status status="PASS" starttime="20200720 07:16:02.567" endtime="20200720 07:16:02.568"></status>
</kw>
<kw name="Should Be True" library="BuiltIn">
<doc>Fails if the given condition is not true.</doc>
<arguments>
<arg>${res}&gt;=80</arg>
</arguments>
<status status="PASS" starttime="20200720 07:16:02.568" endtime="20200720 07:16:02.569"></status>
</kw>
<status status="PASS" starttime="20200720 07:16:02.566" endtime="20200720 07:16:02.569"></status>
</kw>
<status status="PASS" starttime="20200720 07:16:02.565" endtime="20200720 07:16:02.569" critical="yes"></status>
</test>
<test id="s1-t25" name="Transripted_speech for english38.mp3">
<kw name="Verify Transcription">
<arguments>
<arg>english38.mp3</arg>
<arg>Please call Stella Oscar to bring these things with her. From the store experience of freshener pays five six labs of blue Jays. I might be a snack ball Wilson eight a smooth plastics night and a big choice rock for the kids. She can skate these things into three with bags. I'm, we will guy maybe Wednesday to train station.</arg>
</arguments>
<kw name="Compare Strings" library="utils">
<arguments>
<arg>${actual_text}</arg>
<arg>${transripted_speech}</arg>
</arguments>
<assign>
<var>${res}</var>
</assign>
<msg timestamp="20200720 07:16:02.572" level="INFO">${res} = 74</msg>
<status status="PASS" starttime="20200720 07:16:02.571" endtime="20200720 07:16:02.572"></status>
</kw>
<kw name="Log" library="BuiltIn">
<doc>Logs the given message with the given level.</doc>
<arguments>
<arg>${res}</arg>
<arg>console=True</arg>
</arguments>
<msg timestamp="20200720 07:16:02.573" level="INFO">74</msg>
<status status="PASS" starttime="20200720 07:16:02.572" endtime="20200720 07:16:02.573"></status>
</kw>
<kw name="Should Be True" library="BuiltIn">
<doc>Fails if the given condition is not true.</doc>
<arguments>
<arg>${res}&gt;=80</arg>
</arguments>
<msg timestamp="20200720 07:16:02.574" level="FAIL">'74&gt;=80' should be true.</msg>
<msg timestamp="20200720 07:16:02.574" level="DEBUG">Traceback (most recent call last):
  None</msg>
<status status="FAIL" starttime="20200720 07:16:02.573" endtime="20200720 07:16:02.574"></status>
</kw>
<status status="FAIL" starttime="20200720 07:16:02.571" endtime="20200720 07:16:02.575"></status>
</kw>
<status status="FAIL" starttime="20200720 07:16:02.570" endtime="20200720 07:16:02.575" critical="yes">'74&gt;=80' should be true.</status>
</test>
<test id="s1-t26" name="Transripted_speech for english194.mp3">
<kw name="Verify Transcription">
<arguments>
<arg>english194.mp3</arg>
<arg>Please call Stella us to to bring these things with from the store experience of fresh snow pays five slip slabs of blue chase maybe it's not for Brooke about. We also need small plastic snakes, a big, totally frog for the kids. She could skate these things into free rent bags and we'll go through Wednesday at the train station.</arg>
</arguments>
<kw name="Compare Strings" library="utils">
<arguments>
<arg>${actual_text}</arg>
<arg>${transripted_speech}</arg>
</arguments>
<assign>
<var>${res}</var>
</assign>
<msg timestamp="20200720 07:16:02.577" level="INFO">${res} = 84</msg>
<status status="PASS" starttime="20200720 07:16:02.577" endtime="20200720 07:16:02.577"></status>
</kw>
<kw name="Log" library="BuiltIn">
<doc>Logs the given message with the given level.</doc>
<arguments>
<arg>${res}</arg>
<arg>console=True</arg>
</arguments>
<msg timestamp="20200720 07:16:02.578" level="INFO">84</msg>
<status status="PASS" starttime="20200720 07:16:02.578" endtime="20200720 07:16:02.578"></status>
</kw>
<kw name="Should Be True" library="BuiltIn">
<doc>Fails if the given condition is not true.</doc>
<arguments>
<arg>${res}&gt;=80</arg>
</arguments>
<status status="PASS" starttime="20200720 07:16:02.578" endtime="20200720 07:16:02.579"></status>
</kw>
<status status="PASS" starttime="20200720 07:16:02.576" endtime="20200720 07:16:02.579"></status>
</kw>
<status status="PASS" starttime="20200720 07:16:02.576" endtime="20200720 07:16:02.579" critical="yes"></status>
</test>
<test id="s1-t27" name="Transripted_speech for english180.mp3">
<kw name="Verify Transcription">
<arguments>
<arg>english180.mp3</arg>
<arg>Please call us going to bring these things with her from the store six fresh. Nope, he's five, six blue cheese maybe a snack but her brother Bob, we also need a small snake and being type prompt for the kids. You can scoop these things in the three read bags and we will go meet her Wednesday at the train station.</arg>
</arguments>
<kw name="Compare Strings" library="utils">
<arguments>
<arg>${actual_text}</arg>
<arg>${transripted_speech}</arg>
</arguments>
<assign>
<var>${res}</var>
</assign>
<msg timestamp="20200720 07:16:02.582" level="INFO">${res} = 83</msg>
<status status="PASS" starttime="20200720 07:16:02.581" endtime="20200720 07:16:02.582"></status>
</kw>
<kw name="Log" library="BuiltIn">
<doc>Logs the given message with the given level.</doc>
<arguments>
<arg>${res}</arg>
<arg>console=True</arg>
</arguments>
<msg timestamp="20200720 07:16:02.582" level="INFO">83</msg>
<status status="PASS" starttime="20200720 07:16:02.582" endtime="20200720 07:16:02.582"></status>
</kw>
<kw name="Should Be True" library="BuiltIn">
<doc>Fails if the given condition is not true.</doc>
<arguments>
<arg>${res}&gt;=80</arg>
</arguments>
<status status="PASS" starttime="20200720 07:16:02.583" endtime="20200720 07:16:02.583"></status>
</kw>
<status status="PASS" starttime="20200720 07:16:02.581" endtime="20200720 07:16:02.583"></status>
</kw>
<status status="PASS" starttime="20200720 07:16:02.580" endtime="20200720 07:16:02.584" critical="yes"></status>
</test>
<test id="s1-t28" name="Transripted_speech for english157.mp3">
<kw name="Verify Transcription">
<arguments>
<arg>english157.mp3</arg>
<arg>Please call Stella ask her brain these things with it from the store six phones of fresh snow pies five, six labs of blue cheese and maybe a snack or her brother Bob. I'll stay on the small plastic snake and a big to a frog kids. She can scoop these things that three rid bags and we will go meet or Wednesday at the train station.</arg>
</arguments>
<kw name="Compare Strings" library="utils">
<arguments>
<arg>${actual_text}</arg>
<arg>${transripted_speech}</arg>
</arguments>
<assign>
<var>${res}</var>
</assign>
<msg timestamp="20200720 07:16:02.586" level="INFO">${res} = 86</msg>
<status status="PASS" starttime="20200720 07:16:02.585" endtime="20200720 07:16:02.586"></status>
</kw>
<kw name="Log" library="BuiltIn">
<doc>Logs the given message with the given level.</doc>
<arguments>
<arg>${res}</arg>
<arg>console=True</arg>
</arguments>
<msg timestamp="20200720 07:16:02.586" level="INFO">86</msg>
<status status="PASS" starttime="20200720 07:16:02.586" endtime="20200720 07:16:02.587"></status>
</kw>
<kw name="Should Be True" library="BuiltIn">
<doc>Fails if the given condition is not true.</doc>
<arguments>
<arg>${res}&gt;=80</arg>
</arguments>
<status status="PASS" starttime="20200720 07:16:02.587" endtime="20200720 07:16:02.587"></status>
</kw>
<status status="PASS" starttime="20200720 07:16:02.585" endtime="20200720 07:16:02.588"></status>
</kw>
<status status="PASS" starttime="20200720 07:16:02.585" endtime="20200720 07:16:02.588" critical="yes"></status>
</test>
<test id="s1-t29" name="Transripted_speech for english143.mp3">
<kw name="Verify Transcription">
<arguments>
<arg>english143.mp3</arg>
<arg>Please call Stella asked her to bring these things with her from restore six boons a fresh snow pies five, six labs and blue cheese and maybe a snack for her brother Bob. We also need a small plastic snake and tore frog for the kids she can scoop these things into try read bags and we will go meet her Wednesday at the train station.</arg>
</arguments>
<kw name="Compare Strings" library="utils">
<arguments>
<arg>${actual_text}</arg>
<arg>${transripted_speech}</arg>
</arguments>
<assign>
<var>${res}</var>
</assign>
<msg timestamp="20200720 07:16:02.590" level="INFO">${res} = 87</msg>
<status status="PASS" starttime="20200720 07:16:02.590" endtime="20200720 07:16:02.590"></status>
</kw>
<kw name="Log" library="BuiltIn">
<doc>Logs the given message with the given level.</doc>
<arguments>
<arg>${res}</arg>
<arg>console=True</arg>
</arguments>
<msg timestamp="20200720 07:16:02.591" level="INFO">87</msg>
<status status="PASS" starttime="20200720 07:16:02.591" endtime="20200720 07:16:02.591"></status>
</kw>
<kw name="Should Be True" library="BuiltIn">
<doc>Fails if the given condition is not true.</doc>
<arguments>
<arg>${res}&gt;=80</arg>
</arguments>
<status status="PASS" starttime="20200720 07:16:02.592" endtime="20200720 07:16:02.592"></status>
</kw>
<status status="PASS" starttime="20200720 07:16:02.589" endtime="20200720 07:16:02.592"></status>
</kw>
<status status="PASS" starttime="20200720 07:16:02.589" endtime="20200720 07:16:02.593" critical="yes"></status>
</test>
<test id="s1-t30" name="Transripted_speech for english396.mp3">
<kw name="Verify Transcription">
<arguments>
<arg>english396.mp3</arg>
<arg>Please call Stella asked her to bring these things with her from the store six phones. The fresh, no pi that fixed let a Bluetooth and maybe it's not for her brother Bob, we also need a small plastic snake and a big toy from for the key she can scoop these things into three with a and we will go meet her Wednesday at the train station.</arg>
</arguments>
<kw name="Compare Strings" library="utils">
<arguments>
<arg>${actual_text}</arg>
<arg>${transripted_speech}</arg>
</arguments>
<assign>
<var>${res}</var>
</assign>
<msg timestamp="20200720 07:16:02.595" level="INFO">${res} = 84</msg>
<status status="PASS" starttime="20200720 07:16:02.594" endtime="20200720 07:16:02.595"></status>
</kw>
<kw name="Log" library="BuiltIn">
<doc>Logs the given message with the given level.</doc>
<arguments>
<arg>${res}</arg>
<arg>console=True</arg>
</arguments>
<msg timestamp="20200720 07:16:02.595" level="INFO">84</msg>
<status status="PASS" starttime="20200720 07:16:02.595" endtime="20200720 07:16:02.596"></status>
</kw>
<kw name="Should Be True" library="BuiltIn">
<doc>Fails if the given condition is not true.</doc>
<arguments>
<arg>${res}&gt;=80</arg>
</arguments>
<status status="PASS" starttime="20200720 07:16:02.596" endtime="20200720 07:16:02.596"></status>
</kw>
<status status="PASS" starttime="20200720 07:16:02.594" endtime="20200720 07:16:02.597"></status>
</kw>
<status status="PASS" starttime="20200720 07:16:02.594" endtime="20200720 07:16:02.597" critical="yes"></status>
</test>
<test id="s1-t31" name="Transripted_speech for english382.mp3">
<kw name="Verify Transcription">
<arguments>
<arg>english382.mp3</arg>
<arg>Please call Stella asked her to bring these things with her from the store six the first no pies five six one two blue cheese and maybe a snack for her brother bomb we also need a small plastic snake and a big solely for all for the queues she can scoop these things in three, she can scoop piece things into three read bags we will also and we will go meet her Wednesday at the train station.</arg>
</arguments>
<kw name="Compare Strings" library="utils">
<arguments>
<arg>${actual_text}</arg>
<arg>${transripted_speech}</arg>
</arguments>
<assign>
<var>${res}</var>
</assign>
<msg timestamp="20200720 07:16:02.599" level="INFO">${res} = 86</msg>
<status status="PASS" starttime="20200720 07:16:02.598" endtime="20200720 07:16:02.599"></status>
</kw>
<kw name="Log" library="BuiltIn">
<doc>Logs the given message with the given level.</doc>
<arguments>
<arg>${res}</arg>
<arg>console=True</arg>
</arguments>
<msg timestamp="20200720 07:16:02.600" level="INFO">86</msg>
<status status="PASS" starttime="20200720 07:16:02.599" endtime="20200720 07:16:02.600"></status>
</kw>
<kw name="Should Be True" library="BuiltIn">
<doc>Fails if the given condition is not true.</doc>
<arguments>
<arg>${res}&gt;=80</arg>
</arguments>
<status status="PASS" starttime="20200720 07:16:02.600" endtime="20200720 07:16:02.600"></status>
</kw>
<status status="PASS" starttime="20200720 07:16:02.598" endtime="20200720 07:16:02.601"></status>
</kw>
<status status="PASS" starttime="20200720 07:16:02.598" endtime="20200720 07:16:02.601" critical="yes"></status>
</test>
<test id="s1-t32" name="Transripted_speech for english433.mp3">
<kw name="Verify Transcription">
<arguments>
<arg>english433.mp3</arg>
<arg>Please call Stella ask her to bring these things with her from the store six thirty. It's a fresh no pays five six labs of blue cheese and maybe a snack for her brother Bob we also need a small plastics now you can upgrade to a frog for the kids she can scoop these things since three red backs and we will go meet her when science train station.</arg>
</arguments>
<kw name="Compare Strings" library="utils">
<arguments>
<arg>${actual_text}</arg>
<arg>${transripted_speech}</arg>
</arguments>
<assign>
<var>${res}</var>
</assign>
<msg timestamp="20200720 07:16:02.603" level="INFO">${res} = 83</msg>
<status status="PASS" starttime="20200720 07:16:02.603" endtime="20200720 07:16:02.603"></status>
</kw>
<kw name="Log" library="BuiltIn">
<doc>Logs the given message with the given level.</doc>
<arguments>
<arg>${res}</arg>
<arg>console=True</arg>
</arguments>
<msg timestamp="20200720 07:16:02.604" level="INFO">83</msg>
<status status="PASS" starttime="20200720 07:16:02.604" endtime="20200720 07:16:02.604"></status>
</kw>
<kw name="Should Be True" library="BuiltIn">
<doc>Fails if the given condition is not true.</doc>
<arguments>
<arg>${res}&gt;=80</arg>
</arguments>
<status status="PASS" starttime="20200720 07:16:02.604" endtime="20200720 07:16:02.605"></status>
</kw>
<status status="PASS" starttime="20200720 07:16:02.602" endtime="20200720 07:16:02.605"></status>
</kw>
<status status="PASS" starttime="20200720 07:16:02.602" endtime="20200720 07:16:02.605" critical="yes"></status>
</test>
<test id="s1-t33" name="Transripted_speech for english355.mp3">
<kw name="Verify Transcription">
<arguments>
<arg>english355.mp3</arg>
<arg>Please call, still ask her to bring these things with her from the store six boons of fresh snow pies five like slabs of blue cheese and maybe a snack for her brother Bob. We also need a small plastic snake and big toy frog for the kids she can scoop these things into three read bags and we will go meet her Wednesday at the train station.</arg>
</arguments>
<kw name="Compare Strings" library="utils">
<arguments>
<arg>${actual_text}</arg>
<arg>${transripted_speech}</arg>
</arguments>
<assign>
<var>${res}</var>
</assign>
<msg timestamp="20200720 07:16:02.607" level="INFO">${res} = 91</msg>
<status status="PASS" starttime="20200720 07:16:02.607" endtime="20200720 07:16:02.607"></status>
</kw>
<kw name="Log" library="BuiltIn">
<doc>Logs the given message with the given level.</doc>
<arguments>
<arg>${res}</arg>
<arg>console=True</arg>
</arguments>
<msg timestamp="20200720 07:16:02.608" level="INFO">91</msg>
<status status="PASS" starttime="20200720 07:16:02.608" endtime="20200720 07:16:02.608"></status>
</kw>
<kw name="Should Be True" library="BuiltIn">
<doc>Fails if the given condition is not true.</doc>
<arguments>
<arg>${res}&gt;=80</arg>
</arguments>
<status status="PASS" starttime="20200720 07:16:02.609" endtime="20200720 07:16:02.609"></status>
</kw>
<status status="PASS" starttime="20200720 07:16:02.607" endtime="20200720 07:16:02.609"></status>
</kw>
<status status="PASS" starttime="20200720 07:16:02.606" endtime="20200720 07:16:02.609" critical="yes"></status>
</test>
<test id="s1-t34" name="Transripted_speech for english341.mp3">
<kw name="Verify Transcription">
<arguments>
<arg>english341.mp3</arg>
<arg>Try costella. Ask her bring these things with her from the store fixed then to fresh snow pies five, six plaza blue cheese and maybe a staff or her brother Bob. We also need a small classic snake and a big Toria. For the kids she can scoop this things into three read guide and we'll go me her Wednesday at the train station.</arg>
</arguments>
<kw name="Compare Strings" library="utils">
<arguments>
<arg>${actual_text}</arg>
<arg>${transripted_speech}</arg>
</arguments>
<assign>
<var>${res}</var>
</assign>
<msg timestamp="20200720 07:16:02.612" level="INFO">${res} = 82</msg>
<status status="PASS" starttime="20200720 07:16:02.611" endtime="20200720 07:16:02.612"></status>
</kw>
<kw name="Log" library="BuiltIn">
<doc>Logs the given message with the given level.</doc>
<arguments>
<arg>${res}</arg>
<arg>console=True</arg>
</arguments>
<msg timestamp="20200720 07:16:02.613" level="INFO">82</msg>
<status status="PASS" starttime="20200720 07:16:02.612" endtime="20200720 07:16:02.613"></status>
</kw>
<kw name="Should Be True" library="BuiltIn">
<doc>Fails if the given condition is not true.</doc>
<arguments>
<arg>${res}&gt;=80</arg>
</arguments>
<status status="PASS" starttime="20200720 07:16:02.613" endtime="20200720 07:16:02.613"></status>
</kw>
<status status="PASS" starttime="20200720 07:16:02.611" endtime="20200720 07:16:02.614"></status>
</kw>
<status status="PASS" starttime="20200720 07:16:02.610" endtime="20200720 07:16:02.614" critical="yes"></status>
</test>
<test id="s1-t35" name="Transripted_speech for english427.mp3">
<kw name="Verify Transcription">
<arguments>
<arg>english427.mp3</arg>
<arg>Please call Stella asked you to bring these things with her from store sixteen to fresh snow pies five, six flags and blue cheese and maybe a spec for her brother Bob, we also need a small plastic snake and I've been told from the kids. She can see these things into three read bags and we will go meet her Wednesday at the train station.</arg>
</arguments>
<kw name="Compare Strings" library="utils">
<arguments>
<arg>${actual_text}</arg>
<arg>${transripted_speech}</arg>
</arguments>
<assign>
<var>${res}</var>
</assign>
<msg timestamp="20200720 07:16:02.616" level="INFO">${res} = 87</msg>
<status status="PASS" starttime="20200720 07:16:02.616" endtime="20200720 07:16:02.616"></status>
</kw>
<kw name="Log" library="BuiltIn">
<doc>Logs the given message with the given level.</doc>
<arguments>
<arg>${res}</arg>
<arg>console=True</arg>
</arguments>
<msg timestamp="20200720 07:16:02.617" level="INFO">87</msg>
<status status="PASS" starttime="20200720 07:16:02.617" endtime="20200720 07:16:02.618"></status>
</kw>
<kw name="Should Be True" library="BuiltIn">
<doc>Fails if the given condition is not true.</doc>
<arguments>
<arg>${res}&gt;=80</arg>
</arguments>
<status status="PASS" starttime="20200720 07:16:02.618" endtime="20200720 07:16:02.619"></status>
</kw>
<status status="PASS" starttime="20200720 07:16:02.615" endtime="20200720 07:16:02.619"></status>
</kw>
<status status="PASS" starttime="20200720 07:16:02.615" endtime="20200720 07:16:02.619" critical="yes"></status>
</test>
<test id="s1-t36" name="Transripted_speech for english369.mp3">
<kw name="Verify Transcription">
<arguments>
<arg>english369.mp3</arg>
<arg>Please call to ask her to bring these things with her from the store six boom the fresh snow pies five, six leads the blue cheese and maybe a snack for her brother bye-bye we also need a small plastic snake and a big toy fraud for the kids. She can scoop these things in the three read bags and we will go meet her Wednesday at the train station.</arg>
</arguments>
<kw name="Compare Strings" library="utils">
<arguments>
<arg>${actual_text}</arg>
<arg>${transripted_speech}</arg>
</arguments>
<assign>
<var>${res}</var>
</assign>
<msg timestamp="20200720 07:16:02.621" level="INFO">${res} = 88</msg>
<status status="PASS" starttime="20200720 07:16:02.621" endtime="20200720 07:16:02.621"></status>
</kw>
<kw name="Log" library="BuiltIn">
<doc>Logs the given message with the given level.</doc>
<arguments>
<arg>${res}</arg>
<arg>console=True</arg>
</arguments>
<msg timestamp="20200720 07:16:02.622" level="INFO">88</msg>
<status status="PASS" starttime="20200720 07:16:02.622" endtime="20200720 07:16:02.622"></status>
</kw>
<kw name="Should Be True" library="BuiltIn">
<doc>Fails if the given condition is not true.</doc>
<arguments>
<arg>${res}&gt;=80</arg>
</arguments>
<status status="PASS" starttime="20200720 07:16:02.623" endtime="20200720 07:16:02.623"></status>
</kw>
<status status="PASS" starttime="20200720 07:16:02.621" endtime="20200720 07:16:02.623"></status>
</kw>
<status status="PASS" starttime="20200720 07:16:02.620" endtime="20200720 07:16:02.623" critical="yes"></status>
</test>
<test id="s1-t37" name="Transripted_speech for english419.mp3">
<kw name="Verify Transcription">
<arguments>
<arg>english419.mp3</arg>
<arg>Please call Stella ask her to bring these things with her from the store six phones a fresh snow pace five six labs blue cheese and maybe a snack per her brother Bob. We also need a small plastic snake and a big twice fraud for the kids she can scoop these things into three read bags and we will go meet her Wednesday at the train station.</arg>
</arguments>
<kw name="Compare Strings" library="utils">
<arguments>
<arg>${actual_text}</arg>
<arg>${transripted_speech}</arg>
</arguments>
<assign>
<var>${res}</var>
</assign>
<msg timestamp="20200720 07:16:02.626" level="INFO">${res} = 88</msg>
<status status="PASS" starttime="20200720 07:16:02.625" endtime="20200720 07:16:02.626"></status>
</kw>
<kw name="Log" library="BuiltIn">
<doc>Logs the given message with the given level.</doc>
<arguments>
<arg>${res}</arg>
<arg>console=True</arg>
</arguments>
<msg timestamp="20200720 07:16:02.626" level="INFO">88</msg>
<status status="PASS" starttime="20200720 07:16:02.626" endtime="20200720 07:16:02.627"></status>
</kw>
<kw name="Should Be True" library="BuiltIn">
<doc>Fails if the given condition is not true.</doc>
<arguments>
<arg>${res}&gt;=80</arg>
</arguments>
<status status="PASS" starttime="20200720 07:16:02.627" endtime="20200720 07:16:02.627"></status>
</kw>
<status status="PASS" starttime="20200720 07:16:02.625" endtime="20200720 07:16:02.628"></status>
</kw>
<status status="PASS" starttime="20200720 07:16:02.624" endtime="20200720 07:16:02.628" critical="yes"></status>
</test>
<test id="s1-t38" name="Transripted_speech for english357.mp3">
<kw name="Verify Transcription">
<arguments>
<arg>english357.mp3</arg>
<arg>Please call self. Ask her room these things with her from the store six to the fresh snow pies slabs of blue cheese and maybe a snack for her brother Bob. We also need a small fasick snake and a big tore for all the kids. She can do these things in the three read bags and we will go meet her Wednesday at the train station.</arg>
</arguments>
<kw name="Compare Strings" library="utils">
<arguments>
<arg>${actual_text}</arg>
<arg>${transripted_speech}</arg>
</arguments>
<assign>
<var>${res}</var>
</assign>
<msg timestamp="20200720 07:16:02.630" level="INFO">${res} = 87</msg>
<status status="PASS" starttime="20200720 07:16:02.630" endtime="20200720 07:16:02.630"></status>
</kw>
<kw name="Log" library="BuiltIn">
<doc>Logs the given message with the given level.</doc>
<arguments>
<arg>${res}</arg>
<arg>console=True</arg>
</arguments>
<msg timestamp="20200720 07:16:02.631" level="INFO">87</msg>
<status status="PASS" starttime="20200720 07:16:02.631" endtime="20200720 07:16:02.631"></status>
</kw>
<kw name="Should Be True" library="BuiltIn">
<doc>Fails if the given condition is not true.</doc>
<arguments>
<arg>${res}&gt;=80</arg>
</arguments>
<status status="PASS" starttime="20200720 07:16:02.632" endtime="20200720 07:16:02.632"></status>
</kw>
<status status="PASS" starttime="20200720 07:16:02.630" endtime="20200720 07:16:02.632"></status>
</kw>
<status status="PASS" starttime="20200720 07:16:02.629" endtime="20200720 07:16:02.633" critical="yes"></status>
</test>
<test id="s1-t39" name="Transripted_speech for english431.mp3">
<kw name="Verify Transcription">
<arguments>
<arg>english431.mp3</arg>
<arg>Please call Stella asked her to bring these things with her from star six months a fresh snow pies five six plaza blue cheese and maybe snap for her brother Bob we also need a small plastic snake and have gig product for the can he can scoop these things and the three read back mogul meet her Wednesday the train station.</arg>
</arguments>
<kw name="Compare Strings" library="utils">
<arguments>
<arg>${actual_text}</arg>
<arg>${transripted_speech}</arg>
</arguments>
<assign>
<var>${res}</var>
</assign>
<msg timestamp="20200720 07:16:02.635" level="INFO">${res} = 81</msg>
<status status="PASS" starttime="20200720 07:16:02.634" endtime="20200720 07:16:02.635"></status>
</kw>
<kw name="Log" library="BuiltIn">
<doc>Logs the given message with the given level.</doc>
<arguments>
<arg>${res}</arg>
<arg>console=True</arg>
</arguments>
<msg timestamp="20200720 07:16:02.635" level="INFO">81</msg>
<status status="PASS" starttime="20200720 07:16:02.635" endtime="20200720 07:16:02.636"></status>
</kw>
<kw name="Should Be True" library="BuiltIn">
<doc>Fails if the given condition is not true.</doc>
<arguments>
<arg>${res}&gt;=80</arg>
</arguments>
<status status="PASS" starttime="20200720 07:16:02.636" endtime="20200720 07:16:02.636"></status>
</kw>
<status status="PASS" starttime="20200720 07:16:02.634" endtime="20200720 07:16:02.637"></status>
</kw>
<status status="PASS" starttime="20200720 07:16:02.634" endtime="20200720 07:16:02.637" critical="yes"></status>
</test>
<test id="s1-t40" name="Transripted_speech for english425.mp3">
<kw name="Verify Transcription">
<arguments>
<arg>english425.mp3</arg>
<arg>Please call Stoller ask her to bring these things with her from store sixteen of fresh low piece, five, six slabs of blue cheese and maybe a snack for her brother Bob. We also need a small plastic snake and a big toys for the kids tickets scoop these things and the three read bags and we will go and meet her Wednesday at the train station.</arg>
</arguments>
<kw name="Compare Strings" library="utils">
<arguments>
<arg>${actual_text}</arg>
<arg>${transripted_speech}</arg>
</arguments>
<assign>
<var>${res}</var>
</assign>
<msg timestamp="20200720 07:16:02.639" level="INFO">${res} = 89</msg>
<status status="PASS" starttime="20200720 07:16:02.639" endtime="20200720 07:16:02.639"></status>
</kw>
<kw name="Log" library="BuiltIn">
<doc>Logs the given message with the given level.</doc>
<arguments>
<arg>${res}</arg>
<arg>console=True</arg>
</arguments>
<msg timestamp="20200720 07:16:02.640" level="INFO">89</msg>
<status status="PASS" starttime="20200720 07:16:02.640" endtime="20200720 07:16:02.640"></status>
</kw>
<kw name="Should Be True" library="BuiltIn">
<doc>Fails if the given condition is not true.</doc>
<arguments>
<arg>${res}&gt;=80</arg>
</arguments>
<status status="PASS" starttime="20200720 07:16:02.641" endtime="20200720 07:16:02.641"></status>
</kw>
<status status="PASS" starttime="20200720 07:16:02.638" endtime="20200720 07:16:02.642"></status>
</kw>
<status status="PASS" starttime="20200720 07:16:02.638" endtime="20200720 07:16:02.642" critical="yes"></status>
</test>
<test id="s1-t41" name="Transripted_speech for english343.mp3">
<kw name="Verify Transcription">
<arguments>
<arg>english343.mp3</arg>
<arg>Please call Stella ask her to bring these things with her from the store six months of fresh snow pies five, six labs of blue cheese and maybe as knack for her brother Bob. We also need a small plastic snake end up being totally fraud for the kids. She can scoop these things into three rent bags and we will go meet her Wednesday at the train station.</arg>
</arguments>
<kw name="Compare Strings" library="utils">
<arguments>
<arg>${actual_text}</arg>
<arg>${transripted_speech}</arg>
</arguments>
<assign>
<var>${res}</var>
</assign>
<msg timestamp="20200720 07:16:02.645" level="INFO">${res} = 87</msg>
<status status="PASS" starttime="20200720 07:16:02.644" endtime="20200720 07:16:02.645"></status>
</kw>
<kw name="Log" library="BuiltIn">
<doc>Logs the given message with the given level.</doc>
<arguments>
<arg>${res}</arg>
<arg>console=True</arg>
</arguments>
<msg timestamp="20200720 07:16:02.645" level="INFO">87</msg>
<status status="PASS" starttime="20200720 07:16:02.645" endtime="20200720 07:16:02.645"></status>
</kw>
<kw name="Should Be True" library="BuiltIn">
<doc>Fails if the given condition is not true.</doc>
<arguments>
<arg>${res}&gt;=80</arg>
</arguments>
<status status="PASS" starttime="20200720 07:16:02.646" endtime="20200720 07:16:02.646"></status>
</kw>
<status status="PASS" starttime="20200720 07:16:02.644" endtime="20200720 07:16:02.646"></status>
</kw>
<status status="PASS" starttime="20200720 07:16:02.643" endtime="20200720 07:16:02.647" critical="yes"></status>
</test>
<test id="s1-t42" name="Transripted_speech for english394.mp3">
<kw name="Verify Transcription">
<arguments>
<arg>english394.mp3</arg>
<arg>Please cause I asked her to bring these things with her from the school six boon to fresh no P. five, six labs and blue cheese and maybe is Mac for her brother law we also need a small plastic snake and update. For for the kids you can scoop these things into three with Max and we will go meet her wins the at the train station.</arg>
</arguments>
<kw name="Compare Strings" library="utils">
<arguments>
<arg>${actual_text}</arg>
<arg>${transripted_speech}</arg>
</arguments>
<assign>
<var>${res}</var>
</assign>
<msg timestamp="20200720 07:16:02.649" level="INFO">${res} = 80</msg>
<status status="PASS" starttime="20200720 07:16:02.648" endtime="20200720 07:16:02.649"></status>
</kw>
<kw name="Log" library="BuiltIn">
<doc>Logs the given message with the given level.</doc>
<arguments>
<arg>${res}</arg>
<arg>console=True</arg>
</arguments>
<msg timestamp="20200720 07:16:02.649" level="INFO">80</msg>
<status status="PASS" starttime="20200720 07:16:02.649" endtime="20200720 07:16:02.649"></status>
</kw>
<kw name="Should Be True" library="BuiltIn">
<doc>Fails if the given condition is not true.</doc>
<arguments>
<arg>${res}&gt;=80</arg>
</arguments>
<status status="PASS" starttime="20200720 07:16:02.650" endtime="20200720 07:16:02.650"></status>
</kw>
<status status="PASS" starttime="20200720 07:16:02.648" endtime="20200720 07:16:02.650"></status>
</kw>
<status status="PASS" starttime="20200720 07:16:02.648" endtime="20200720 07:16:02.651" critical="yes"></status>
</test>
<test id="s1-t43" name="Transripted_speech for english380.mp3">
<kw name="Verify Transcription">
<arguments>
<arg>english380.mp3</arg>
<arg>Please call Stella asked her to bring these things with her from the store six ten to fresh, no, P. five, six labs and blue cheese and maybe a snack for her brother Bob. We also need a small plastic snake and a big toys for the kids she can skip this things into three read back and we will go meet her Wednesday at the train station.</arg>
</arguments>
<kw name="Compare Strings" library="utils">
<arguments>
<arg>${actual_text}</arg>
<arg>${transripted_speech}</arg>
</arguments>
<assign>
<var>${res}</var>
</assign>
<msg timestamp="20200720 07:16:02.653" level="INFO">${res} = 88</msg>
<status status="PASS" starttime="20200720 07:16:02.653" endtime="20200720 07:16:02.653"></status>
</kw>
<kw name="Log" library="BuiltIn">
<doc>Logs the given message with the given level.</doc>
<arguments>
<arg>${res}</arg>
<arg>console=True</arg>
</arguments>
<msg timestamp="20200720 07:16:02.654" level="INFO">88</msg>
<status status="PASS" starttime="20200720 07:16:02.654" endtime="20200720 07:16:02.654"></status>
</kw>
<kw name="Should Be True" library="BuiltIn">
<doc>Fails if the given condition is not true.</doc>
<arguments>
<arg>${res}&gt;=80</arg>
</arguments>
<status status="PASS" starttime="20200720 07:16:02.654" endtime="20200720 07:16:02.655"></status>
</kw>
<status status="PASS" starttime="20200720 07:16:02.652" endtime="20200720 07:16:02.655"></status>
</kw>
<status status="PASS" starttime="20200720 07:16:02.652" endtime="20200720 07:16:02.655" critical="yes"></status>
</test>
<test id="s1-t44" name="Transripted_speech for english169.mp3">
<kw name="Verify Transcription">
<arguments>
<arg>english169.mp3</arg>
<arg>Please call, still ask her to bring these things with her from the store six rooms of fresh, no, pies five six labs is a blue cheese and maybe it's net for Bob. We also need a small plastic snake and the big twice wrong for the kids. She can scoop these things into try read banks and we will go meet her Wednesday at the train station.</arg>
</arguments>
<kw name="Compare Strings" library="utils">
<arguments>
<arg>${actual_text}</arg>
<arg>${transripted_speech}</arg>
</arguments>
<assign>
<var>${res}</var>
</assign>
<msg timestamp="20200720 07:16:02.658" level="INFO">${res} = 83</msg>
<status status="PASS" starttime="20200720 07:16:02.657" endtime="20200720 07:16:02.658"></status>
</kw>
<kw name="Log" library="BuiltIn">
<doc>Logs the given message with the given level.</doc>
<arguments>
<arg>${res}</arg>
<arg>console=True</arg>
</arguments>
<msg timestamp="20200720 07:16:02.658" level="INFO">83</msg>
<status status="PASS" starttime="20200720 07:16:02.658" endtime="20200720 07:16:02.659"></status>
</kw>
<kw name="Should Be True" library="BuiltIn">
<doc>Fails if the given condition is not true.</doc>
<arguments>
<arg>${res}&gt;=80</arg>
</arguments>
<status status="PASS" starttime="20200720 07:16:02.659" endtime="20200720 07:16:02.659"></status>
</kw>
<status status="PASS" starttime="20200720 07:16:02.657" endtime="20200720 07:16:02.660"></status>
</kw>
<status status="PASS" starttime="20200720 07:16:02.656" endtime="20200720 07:16:02.660" critical="yes"></status>
</test>
<test id="s1-t45" name="Transripted_speech for english155.mp3">
<kw name="Verify Transcription">
<arguments>
<arg>english155.mp3</arg>
<arg>Please call Stella asked her bring these things with whom store experience of fresh. No please five fix lines of blue cheese and maybe it's knack for her brother Bob. We also need a small plastic snake and a big boy frog for the kids she can scoop these things and the three read bags and we will go meet her Wednesday at the train station.</arg>
</arguments>
<kw name="Compare Strings" library="utils">
<arguments>
<arg>${actual_text}</arg>
<arg>${transripted_speech}</arg>
</arguments>
<assign>
<var>${res}</var>
</assign>
<msg timestamp="20200720 07:16:02.662" level="INFO">${res} = 85</msg>
<status status="PASS" starttime="20200720 07:16:02.662" endtime="20200720 07:16:02.662"></status>
</kw>
<kw name="Log" library="BuiltIn">
<doc>Logs the given message with the given level.</doc>
<arguments>
<arg>${res}</arg>
<arg>console=True</arg>
</arguments>
<msg timestamp="20200720 07:16:02.663" level="INFO">85</msg>
<status status="PASS" starttime="20200720 07:16:02.663" endtime="20200720 07:16:02.663"></status>
</kw>
<kw name="Should Be True" library="BuiltIn">
<doc>Fails if the given condition is not true.</doc>
<arguments>
<arg>${res}&gt;=80</arg>
</arguments>
<status status="PASS" starttime="20200720 07:16:02.663" endtime="20200720 07:16:02.664"></status>
</kw>
<status status="PASS" starttime="20200720 07:16:02.661" endtime="20200720 07:16:02.664"></status>
</kw>
<status status="PASS" starttime="20200720 07:16:02.661" endtime="20200720 07:16:02.664" critical="yes"></status>
</test>
<test id="s1-t46" name="Transripted_speech for english141.mp3">
<kw name="Verify Transcription">
<arguments>
<arg>english141.mp3</arg>
<arg>Please call Stella ask it to bring these things with the firms to six periods of freshness a's five six loves the blue trees and maybe it's not for brother bye-bye real small prospects next truck circuits she get these things into for your bags and we'll do me Wednesday expression.</arg>
</arguments>
<kw name="Compare Strings" library="utils">
<arguments>
<arg>${actual_text}</arg>
<arg>${transripted_speech}</arg>
</arguments>
<assign>
<var>${res}</var>
</assign>
<msg timestamp="20200720 07:16:02.666" level="INFO">${res} = 69</msg>
<status status="PASS" starttime="20200720 07:16:02.666" endtime="20200720 07:16:02.666"></status>
</kw>
<kw name="Log" library="BuiltIn">
<doc>Logs the given message with the given level.</doc>
<arguments>
<arg>${res}</arg>
<arg>console=True</arg>
</arguments>
<msg timestamp="20200720 07:16:02.667" level="INFO">69</msg>
<status status="PASS" starttime="20200720 07:16:02.667" endtime="20200720 07:16:02.667"></status>
</kw>
<kw name="Should Be True" library="BuiltIn">
<doc>Fails if the given condition is not true.</doc>
<arguments>
<arg>${res}&gt;=80</arg>
</arguments>
<msg timestamp="20200720 07:16:02.668" level="FAIL">'69&gt;=80' should be true.</msg>
<msg timestamp="20200720 07:16:02.668" level="DEBUG">Traceback (most recent call last):
  None</msg>
<status status="FAIL" starttime="20200720 07:16:02.668" endtime="20200720 07:16:02.668"></status>
</kw>
<status status="FAIL" starttime="20200720 07:16:02.666" endtime="20200720 07:16:02.669"></status>
</kw>
<status status="FAIL" starttime="20200720 07:16:02.665" endtime="20200720 07:16:02.669" critical="yes">'69&gt;=80' should be true.</status>
</test>
<test id="s1-t47" name="Transripted_speech for english196.mp3">
<kw name="Verify Transcription">
<arguments>
<arg>english196.mp3</arg>
<arg>Five, six last maybe is next to need a small plastic snake and.She can scoop these things into three years. And we will go meet on Wednesday at the train station.</arg>
</arguments>
<kw name="Compare Strings" library="utils">
<arguments>
<arg>${actual_text}</arg>
<arg>${transripted_speech}</arg>
</arguments>
<assign>
<var>${res}</var>
</assign>
<msg timestamp="20200720 07:16:02.671" level="INFO">${res} = 88</msg>
<status status="PASS" starttime="20200720 07:16:02.671" endtime="20200720 07:16:02.671"></status>
</kw>
<kw name="Log" library="BuiltIn">
<doc>Logs the given message with the given level.</doc>
<arguments>
<arg>${res}</arg>
<arg>console=True</arg>
</arguments>
<msg timestamp="20200720 07:16:02.672" level="INFO">88</msg>
<status status="PASS" starttime="20200720 07:16:02.672" endtime="20200720 07:16:02.672"></status>
</kw>
<kw name="Should Be True" library="BuiltIn">
<doc>Fails if the given condition is not true.</doc>
<arguments>
<arg>${res}&gt;=80</arg>
</arguments>
<status status="PASS" starttime="20200720 07:16:02.672" endtime="20200720 07:16:02.673"></status>
</kw>
<status status="PASS" starttime="20200720 07:16:02.670" endtime="20200720 07:16:02.673"></status>
</kw>
<status status="PASS" starttime="20200720 07:16:02.670" endtime="20200720 07:16:02.673" critical="yes"></status>
</test>
<test id="s1-t48" name="Transripted_speech for english182.mp3">
<kw name="Verify Transcription">
<arguments>
<arg>english182.mp3</arg>
<arg>Please call stellar asked her to bring these things with her from the store six millions of fresh no piece five, six labs the blue cheese and maybe a snack for her brother Bob. We also need a small plastic snake and a big to our frog for the kids she can scoop these things into three read bags and we will go meter Wednesday at the train station.</arg>
</arguments>
<kw name="Compare Strings" library="utils">
<arguments>
<arg>${actual_text}</arg>
<arg>${transripted_speech}</arg>
</arguments>
<assign>
<var>${res}</var>
</assign>
<msg timestamp="20200720 07:16:02.675" level="INFO">${res} = 87</msg>
<status status="PASS" starttime="20200720 07:16:02.675" endtime="20200720 07:16:02.676"></status>
</kw>
<kw name="Log" library="BuiltIn">
<doc>Logs the given message with the given level.</doc>
<arguments>
<arg>${res}</arg>
<arg>console=True</arg>
</arguments>
<msg timestamp="20200720 07:16:02.676" level="INFO">87</msg>
<status status="PASS" starttime="20200720 07:16:02.676" endtime="20200720 07:16:02.676"></status>
</kw>
<kw name="Should Be True" library="BuiltIn">
<doc>Fails if the given condition is not true.</doc>
<arguments>
<arg>${res}&gt;=80</arg>
</arguments>
<status status="PASS" starttime="20200720 07:16:02.677" endtime="20200720 07:16:02.677"></status>
</kw>
<status status="PASS" starttime="20200720 07:16:02.675" endtime="20200720 07:16:02.677"></status>
</kw>
<status status="PASS" starttime="20200720 07:16:02.674" endtime="20200720 07:16:02.678" critical="yes"></status>
</test>
<test id="s1-t49" name="Transripted_speech for english12.mp3">
<kw name="Verify Transcription">
<arguments>
<arg>english12.mp3</arg>
[...]
</kw>
<kw name="Log" library="BuiltIn">
<doc>Logs the given message with the given level.</doc>
<arguments>
<arg>${res}</arg>
<arg>console=True</arg>
</arguments>
<msg timestamp="20200720 07:16:05.223" level="INFO">93</msg>
<status status="PASS" starttime="20200720 07:16:05.223" endtime="20200720 07:16:05.223"></status>
</kw>
<kw name="Should Be True" library="BuiltIn">
<doc>Fails if the given condition is not true.</doc>
<arguments>
<arg>${res}&gt;=80</arg>
</arguments>
<status status="PASS" starttime="20200720 07:16:05.223" endtime="20200720 07:16:05.224"></status>
</kw>
<status status="PASS" starttime="20200720 07:16:05.221" endtime="20200720 07:16:05.224"></status>
</kw>
<status status="PASS" starttime="20200720 07:16:05.220" endtime="20200720 07:16:05.224" critical="yes"></status>
</test>
<test id="s1-t569" name="Transripted_speech for english211.mp3">
<kw name="Verify Transcription">
<arguments>
<arg>english211.mp3</arg>
<arg>Please call, still ask her to bring these things with her from the store. Six rooms are fresh snow pies five fix slabs of blue cheese and maybe a snack for her brother Bob. We also need a small plastic snake and a big toys frog for the kids seems scoop these things into three read bags and we will go meet or Wednesday at the train station.</arg>
</arguments>
<kw name="Compare Strings" library="utils">
<arguments>
<arg>${actual_text}</arg>
<arg>${transripted_speech}</arg>
</arguments>
<assign>
<var>${res}</var>
</assign>
<msg timestamp="20200720 07:16:05.227" level="INFO">${res} = 89</msg>
<status status="PASS" starttime="20200720 07:16:05.226" endtime="20200720 07:16:05.227"></status>
</kw>
<kw name="Log" library="BuiltIn">
<doc>Logs the given message with the given level.</doc>
<arguments>
<arg>${res}</arg>
<arg>console=True</arg>
</arguments>
<msg timestamp="20200720 07:16:05.227" level="INFO">89</msg>
<status status="PASS" starttime="20200720 07:16:05.227" endtime="20200720 07:16:05.227"></status>
</kw>
<kw name="Should Be True" library="BuiltIn">
<doc>Fails if the given condition is not true.</doc>
<arguments>
<arg>${res}&gt;=80</arg>
</arguments>
<status status="PASS" starttime="20200720 07:16:05.228" endtime="20200720 07:16:05.228"></status>
</kw>
<status status="PASS" starttime="20200720 07:16:05.226" endtime="20200720 07:16:05.228"></status>
</kw>
<status status="PASS" starttime="20200720 07:16:05.225" endtime="20200720 07:16:05.229" critical="yes"></status>
</test>
<test id="s1-t570" name="Transripted_speech for english34.mp3">
<kw name="Verify Transcription">
<arguments>
<arg>english34.mp3</arg>
<arg>Please costella asked if I need to tell from the store six splinter fest, no P. Five, six plaza blue cheese and maybe it's back to her about above. We also need a small plastic steak and bake, twice fax with the kids to get these things to three that back. And we will go me her Wednesday at the train station.</arg>
</arguments>
<kw name="Compare Strings" library="utils">
<arguments>
<arg>${actual_text}</arg>
<arg>${transripted_speech}</arg>
</arguments>
<assign>
<var>${res}</var>
</assign>
<msg timestamp="20200720 07:16:05.231" level="INFO">${res} = 74</msg>
<status status="PASS" starttime="20200720 07:16:05.231" endtime="20200720 07:16:05.231"></status>
</kw>
<kw name="Log" library="BuiltIn">
<doc>Logs the given message with the given level.</doc>
<arguments>
<arg>${res}</arg>
<arg>console=True</arg>
</arguments>
<msg timestamp="20200720 07:16:05.232" level="INFO">74</msg>
<status status="PASS" starttime="20200720 07:16:05.231" endtime="20200720 07:16:05.232"></status>
</kw>
<kw name="Should Be True" library="BuiltIn">
<doc>Fails if the given condition is not true.</doc>
<arguments>
<arg>${res}&gt;=80</arg>
</arguments>
<msg timestamp="20200720 07:16:05.233" level="FAIL">'74&gt;=80' should be true.</msg>
<msg timestamp="20200720 07:16:05.233" level="DEBUG">Traceback (most recent call last):
  None</msg>
<status status="FAIL" starttime="20200720 07:16:05.232" endtime="20200720 07:16:05.233"></status>
</kw>
<status status="FAIL" starttime="20200720 07:16:05.230" endtime="20200720 07:16:05.233"></status>
</kw>
<status status="FAIL" starttime="20200720 07:16:05.230" endtime="20200720 07:16:05.233" critical="yes">'74&gt;=80' should be true.</status>
</test>
<test id="s1-t571" name="Transripted_speech for english20.mp3">
<kw name="Verify Transcription">
<arguments>
<arg>english20.mp3</arg>
<arg>Please call Stella asked her to bring these things with her from the store six then the fresh ninety five six flags and blue cheese and maybe a snack for her brother Bob. We also need a small plastic snake and, and they totally for all for the can she can skip these things into three read that and we will then make her Winsted. Training session.</arg>
</arguments>
<kw name="Compare Strings" library="utils">
<arguments>
<arg>${actual_text}</arg>
<arg>${transripted_speech}</arg>
</arguments>
<assign>
<var>${res}</var>
</assign>
<msg timestamp="20200720 07:16:05.236" level="INFO">${res} = 80</msg>
<status status="PASS" starttime="20200720 07:16:05.236" endtime="20200720 07:16:05.236"></status>
</kw>
<kw name="Log" library="BuiltIn">
<doc>Logs the given message with the given level.</doc>
<arguments>
<arg>${res}</arg>
<arg>console=True</arg>
</arguments>
<msg timestamp="20200720 07:16:05.237" level="INFO">80</msg>
<status status="PASS" starttime="20200720 07:16:05.237" endtime="20200720 07:16:05.237"></status>
</kw>
<kw name="Should Be True" library="BuiltIn">
<doc>Fails if the given condition is not true.</doc>
<arguments>
<arg>${res}&gt;=80</arg>
</arguments>
<status status="PASS" starttime="20200720 07:16:05.237" endtime="20200720 07:16:05.238"></status>
</kw>
<status status="PASS" starttime="20200720 07:16:05.235" endtime="20200720 07:16:05.238"></status>
</kw>
<status status="PASS" starttime="20200720 07:16:05.234" endtime="20200720 07:16:05.238" critical="yes"></status>
</test>
<test id="s1-t572" name="Transripted_speech for english198.mp3">
<kw name="Verify Transcription">
<arguments>
<arg>english198.mp3</arg>
<arg>Please call still escrow to bring the with do exclusive loopy but the blue cheese a maybe a stack for her as knack for her brother Bob. We also need a small plastic snake in a bit. So for the kids she can scoop these things into three rate bags we will go meet her when the, at the train station.</arg>
</arguments>
<kw name="Compare Strings" library="utils">
<arguments>
<arg>${actual_text}</arg>
<arg>${transripted_speech}</arg>
</arguments>
<assign>
<var>${res}</var>
</assign>
<msg timestamp="20200720 07:16:05.241" level="INFO">${res} = 79</msg>
<status status="PASS" starttime="20200720 07:16:05.240" endtime="20200720 07:16:05.241"></status>
</kw>
<kw name="Log" library="BuiltIn">
<doc>Logs the given message with the given level.</doc>
<arguments>
<arg>${res}</arg>
<arg>console=True</arg>
</arguments>
<msg timestamp="20200720 07:16:05.242" level="INFO">79</msg>
<status status="PASS" starttime="20200720 07:16:05.241" endtime="20200720 07:16:05.242"></status>
</kw>
<kw name="Should Be True" library="BuiltIn">
<doc>Fails if the given condition is not true.</doc>
<arguments>
<arg>${res}&gt;=80</arg>
</arguments>
<msg timestamp="20200720 07:16:05.242" level="FAIL">'79&gt;=80' should be true.</msg>
<msg timestamp="20200720 07:16:05.242" level="DEBUG">Traceback (most recent call last):
  None</msg>
<status status="FAIL" starttime="20200720 07:16:05.242" endtime="20200720 07:16:05.242"></status>
</kw>
<status status="FAIL" starttime="20200720 07:16:05.240" endtime="20200720 07:16:05.243"></status>
</kw>
<status status="FAIL" starttime="20200720 07:16:05.239" endtime="20200720 07:16:05.243" critical="yes">'79&gt;=80' should be true.</status>
</test>
<test id="s1-t573" name="Transripted_speech for english173.mp3">
<kw name="Verify Transcription">
<arguments>
<arg>english173.mp3</arg>
<arg>Please call Stella asked her to bring these things with her from the store six fans of fresh snow pies five six slabs of blue cheese and maybe a snack for brother Bob. We also need a small plastic snake and the big toy frog for the kids she can scoop these things in the three read bags and we'll go meter Wednesday at the train station.</arg>
</arguments>
<kw name="Compare Strings" library="utils">
<arguments>
<arg>${actual_text}</arg>
<arg>${transripted_speech}</arg>
</arguments>
<assign>
<var>${res}</var>
</assign>
<msg timestamp="20200720 07:16:05.246" level="INFO">${res} = 89</msg>
<status status="PASS" starttime="20200720 07:16:05.245" endtime="20200720 07:16:05.246"></status>
</kw>
<kw name="Log" library="BuiltIn">
<doc>Logs the given message with the given level.</doc>
<arguments>
<arg>${res}</arg>
<arg>console=True</arg>
</arguments>
<msg timestamp="20200720 07:16:05.246" level="INFO">89</msg>
<status status="PASS" starttime="20200720 07:16:05.246" endtime="20200720 07:16:05.246"></status>
</kw>
<kw name="Should Be True" library="BuiltIn">
<doc>Fails if the given condition is not true.</doc>
<arguments>
<arg>${res}&gt;=80</arg>
</arguments>
<status status="PASS" starttime="20200720 07:16:05.247" endtime="20200720 07:16:05.247"></status>
</kw>
<status status="PASS" starttime="20200720 07:16:05.245" endtime="20200720 07:16:05.247"></status>
</kw>
<status status="PASS" starttime="20200720 07:16:05.244" endtime="20200720 07:16:05.247" critical="yes"></status>
</test>
<test id="s1-t574" name="Transripted_speech for english167.mp3">
<kw name="Verify Transcription">
<arguments>
<arg>english167.mp3</arg>
<arg>Please call Stella as things letter from the store six fresh snow pays slabs of blue cheese and maybe a snack for her brother Bob. We also need a small plastic snack and a big twice brought for the kids. She can scoop these things in the three read bags and we will go meet her Wednesday at the train station.</arg>
</arguments>
<kw name="Compare Strings" library="utils">
<arguments>
<arg>${actual_text}</arg>
<arg>${transripted_speech}</arg>
</arguments>
<assign>
<var>${res}</var>
</assign>
<msg timestamp="20200720 07:16:05.250" level="INFO">${res} = 87</msg>
<status status="PASS" starttime="20200720 07:16:05.250" endtime="20200720 07:16:05.250"></status>
</kw>
<kw name="Log" library="BuiltIn">
<doc>Logs the given message with the given level.</doc>
<arguments>
<arg>${res}</arg>
<arg>console=True</arg>
</arguments>
<msg timestamp="20200720 07:16:05.251" level="INFO">87</msg>
<status status="PASS" starttime="20200720 07:16:05.251" endtime="20200720 07:16:05.251"></status>
</kw>
<kw name="Should Be True" library="BuiltIn">
<doc>Fails if the given condition is not true.</doc>
<arguments>
<arg>${res}&gt;=80</arg>
</arguments>
<status status="PASS" starttime="20200720 07:16:05.251" endtime="20200720 07:16:05.252"></status>
</kw>
<status status="PASS" starttime="20200720 07:16:05.249" endtime="20200720 07:16:05.252"></status>
</kw>
<status status="PASS" starttime="20200720 07:16:05.249" endtime="20200720 07:16:05.252" critical="yes"></status>
</test>
<test id="s1-t575" name="Transripted_speech for english359.mp3">
<kw name="Verify Transcription">
<arguments>
<arg>english359.mp3</arg>
<arg>Please call Stella ask her to bring these things with her from the store. Six of fresh snow piece five, six labs of blue cheese and maybe a snack for her brother Bob. We also need a small plastic snake and a big toys from, for the kids. She can scoop these things and the three read bags and we will go meet her Wednesday at the train station.</arg>
</arguments>
<kw name="Compare Strings" library="utils">
<arguments>
<arg>${actual_text}</arg>
<arg>${transripted_speech}</arg>
</arguments>
<assign>
<var>${res}</var>
</assign>
<msg timestamp="20200720 07:16:05.255" level="INFO">${res} = 92</msg>
<status status="PASS" starttime="20200720 07:16:05.254" endtime="20200720 07:16:05.255"></status>
</kw>
<kw name="Log" library="BuiltIn">
<doc>Logs the given message with the given level.</doc>
<arguments>
<arg>${res}</arg>
<arg>console=True</arg>
</arguments>
<msg timestamp="20200720 07:16:05.256" level="INFO">92</msg>
<status status="PASS" starttime="20200720 07:16:05.255" endtime="20200720 07:16:05.256"></status>
</kw>
<kw name="Should Be True" library="BuiltIn">
<doc>Fails if the given condition is not true.</doc>
<arguments>
<arg>${res}&gt;=80</arg>
</arguments>
<status status="PASS" starttime="20200720 07:16:05.256" endtime="20200720 07:16:05.256"></status>
</kw>
<status status="PASS" starttime="20200720 07:16:05.254" endtime="20200720 07:16:05.257"></status>
</kw>
<status status="PASS" starttime="20200720 07:16:05.253" endtime="20200720 07:16:05.257" critical="yes"></status>
</test>
<test id="s1-t576" name="Transripted_speech for english371.mp3">
<kw name="Verify Transcription">
<arguments>
<arg>english371.mp3</arg>
<arg>Please costella ask her bring these things with her from the store sixteen to fresh snow pies five, six, five and purchase. And maybe a snack for her brother Bob. We also need a small plastic snake and think twice frog for the kids she can scoop these things into three read bags and we will call me or Wednesday at the train station.</arg>
</arguments>
<kw name="Compare Strings" library="utils">
<arguments>
<arg>${actual_text}</arg>
<arg>${transripted_speech}</arg>
</arguments>
<assign>
<var>${res}</var>
</assign>
<msg timestamp="20200720 07:16:05.259" level="INFO">${res} = 84</msg>
<status status="PASS" starttime="20200720 07:16:05.259" endtime="20200720 07:16:05.259"></status>
</kw>
<kw name="Log" library="BuiltIn">
<doc>Logs the given message with the given level.</doc>
<arguments>
<arg>${res}</arg>
<arg>console=True</arg>
</arguments>
<msg timestamp="20200720 07:16:05.260" level="INFO">84</msg>
<status status="PASS" starttime="20200720 07:16:05.260" endtime="20200720 07:16:05.260"></status>
</kw>
<kw name="Should Be True" library="BuiltIn">
<doc>Fails if the given condition is not true.</doc>
<arguments>
<arg>${res}&gt;=80</arg>
</arguments>
<status status="PASS" starttime="20200720 07:16:05.260" endtime="20200720 07:16:05.261"></status>
</kw>
<status status="PASS" starttime="20200720 07:16:05.258" endtime="20200720 07:16:05.261"></status>
</kw>
<status status="PASS" starttime="20200720 07:16:05.258" endtime="20200720 07:16:05.261" critical="yes"></status>
</test>
<test id="s1-t577" name="Transripted_speech for english417.mp3">
<kw name="Verify Transcription">
<arguments>
<arg>english417.mp3</arg>
<arg>Please call Stella Allscripts bring these things with it from the stool, 16th fresh new piece folly fix labs blue cheese maybe not for pressable we also need a flu caustic snake. The big toys prove the kids she can skip the things he's free. Read bugs we will go meet or Wednesday at the train station.</arg>
</arguments>
<kw name="Compare Strings" library="utils">
<arguments>
<arg>${actual_text}</arg>
<arg>${transripted_speech}</arg>
</arguments>
<assign>
<var>${res}</var>
</assign>
<msg timestamp="20200720 07:16:05.264" level="INFO">${res} = 75</msg>
<status status="PASS" starttime="20200720 07:16:05.264" endtime="20200720 07:16:05.264"></status>
</kw>
<kw name="Log" library="BuiltIn">
<doc>Logs the given message with the given level.</doc>
<arguments>
<arg>${res}</arg>
<arg>console=True</arg>
</arguments>
<msg timestamp="20200720 07:16:05.265" level="INFO">75</msg>
<status status="PASS" starttime="20200720 07:16:05.265" endtime="20200720 07:16:05.265"></status>
</kw>
<kw name="Should Be True" library="BuiltIn">
<doc>Fails if the given condition is not true.</doc>
<arguments>
<arg>${res}&gt;=80</arg>
</arguments>
<msg timestamp="20200720 07:16:05.266" level="FAIL">'75&gt;=80' should be true.</msg>
<msg timestamp="20200720 07:16:05.266" level="DEBUG">Traceback (most recent call last):
  None</msg>
<status status="FAIL" starttime="20200720 07:16:05.265" endtime="20200720 07:16:05.266"></status>
</kw>
<status status="FAIL" starttime="20200720 07:16:05.263" endtime="20200720 07:16:05.266"></status>
</kw>
<status status="FAIL" starttime="20200720 07:16:05.262" endtime="20200720 07:16:05.267" critical="yes">'75&gt;=80' should be true.</status>
</test>
<test id="s1-t578" name="Transripted_speech for english403.mp3">
<kw name="Verify Transcription">
<arguments>
<arg>english403.mp3</arg>
<arg>Please close Stella ask her to bring base things we've heard from the store sixteen of fresh snow pace five six labs of blue tape and maybe I snap for her brother bulb. Well you'll need a small plastic snake and a big twice from for the kids. She can skate the seeing them the three read bags and we will go to meet her Wednesday at the train station.</arg>
</arguments>
<kw name="Compare Strings" library="utils">
<arguments>
<arg>${actual_text}</arg>
<arg>${transripted_speech}</arg>
</arguments>
<assign>
<var>${res}</var>
</assign>
<msg timestamp="20200720 07:16:05.269" level="INFO">${res} = 82</msg>
<status status="PASS" starttime="20200720 07:16:05.269" endtime="20200720 07:16:05.269"></status>
</kw>
<kw name="Log" library="BuiltIn">
<doc>Logs the given message with the given level.</doc>
<arguments>
<arg>${res}</arg>
<arg>console=True</arg>
</arguments>
<msg timestamp="20200720 07:16:05.270" level="INFO">82</msg>
<status status="PASS" starttime="20200720 07:16:05.270" endtime="20200720 07:16:05.270"></status>
</kw>
<kw name="Should Be True" library="BuiltIn">
<doc>Fails if the given condition is not true.</doc>
<arguments>
<arg>${res}&gt;=80</arg>
</arguments>
<status status="PASS" starttime="20200720 07:16:05.271" endtime="20200720 07:16:05.271"></status>
</kw>
<status status="PASS" starttime="20200720 07:16:05.269" endtime="20200720 07:16:05.271"></status>
</kw>
<status status="PASS" starttime="20200720 07:16:05.268" endtime="20200720 07:16:05.272" critical="yes"></status>
</test>
<test id="s1-t579" name="Transripted_speech for english365.mp3">
<kw name="Verify Transcription">
<arguments>
<arg>english365.mp3</arg>
<arg>Preschool Stella of to, to bring these things with her. From the store six periods of freshener phase five, six labs of blue cheese might be a snack for her brother Bob. We also need to small plastics, Mike and the pick to a frog for the kids she can scoop these things at the three red flags or we will meet Wednesday at the train station.</arg>
</arguments>
<kw name="Compare Strings" library="utils">
<arguments>
<arg>${actual_text}</arg>
<arg>${transripted_speech}</arg>
</arguments>
<assign>
<var>${res}</var>
</assign>
<msg timestamp="20200720 07:16:05.275" level="INFO">${res} = 79</msg>
<status status="PASS" starttime="20200720 07:16:05.274" endtime="20200720 07:16:05.275"></status>
</kw>
<kw name="Log" library="BuiltIn">
<doc>Logs the given message with the given level.</doc>
<arguments>
<arg>${res}</arg>
<arg>console=True</arg>
</arguments>
<msg timestamp="20200720 07:16:05.276" level="INFO">79</msg>
<status status="PASS" starttime="20200720 07:16:05.275" endtime="20200720 07:16:05.276"></status>
</kw>
<kw name="Should Be True" library="BuiltIn">
<doc>Fails if the given condition is not true.</doc>
<arguments>
<arg>${res}&gt;=80</arg>
</arguments>
<msg timestamp="20200720 07:16:05.277" level="FAIL">'79&gt;=80' should be true.</msg>
<msg timestamp="20200720 07:16:05.277" level="DEBUG">Traceback (most recent call last):
  None</msg>
<status status="FAIL" starttime="20200720 07:16:05.276" endtime="20200720 07:16:05.277"></status>
</kw>
<status status="FAIL" starttime="20200720 07:16:05.274" endtime="20200720 07:16:05.277"></status>
</kw>
<status status="FAIL" starttime="20200720 07:16:05.273" endtime="20200720 07:16:05.278" critical="yes">'79&gt;=80' should be true.</status>
</test>
<status status="FAIL" starttime="20200720 07:16:01.779" endtime="20200720 07:16:05.286"></status>
</suite>
<statistics>
<total>
<stat pass="471" fail="108">Critical Tests</stat>
<stat pass="471" fail="108">All Tests</stat>
</total>
<tag>
</tag>
<suite>
<stat pass="471" fail="108" id="s1" name="Demo">Demo</stat>
</suite>
</statistics>
<errors>
</errors>
</robot>
